<?xml version="1.0" encoding="UTF-8"?>
<testsuite xmlns:xsi="http://www.w3.org/2001/XMLSchema-instance" xsi:noNamespaceSchemaLocation="https://maven.apache.org/surefire/maven-surefire-plugin/xsd/surefire-test-report.xsd" name="com.xin.bookbackend.BookBackendApplicationTests" time="3.703" tests="1" errors="1" skipped="0" failures="0">
  <properties>
[...]
</properties>
  <testcase name="contextLoads" classname="com.xin.bookbackend.BookBackendApplicationTests" time="0.006">
    <error message="Failed to load ApplicationContext for [WebMergedContextConfiguration@4cef1ea6 testClass = com.xin.bookbackend.BookBackendApplicationTests, locations = [], classes = [com.xin.bookbackend.BookBackendApplication], contextInitializerClasses = [], activeProfiles = [], propertySourceLocations = [], propertySourceProperties = [&quot;org.springframework.boot.test.context.SpringBootTestContextBootstrapper=true&quot;], contextCustomizers = [org.springframework.boot.test.context.filter.ExcludeFilterContextCustomizer@159e366, org.springframework.boot.test.json.DuplicateJsonObjectContextCustomizerFactory$DuplicateJsonObjectContextCustomizer@2e27d72f, org.springframework.boot.test.mock.mockito.MockitoContextCustomizer@0, org.springframework.boot.test.web.client.TestRestTemplateContextCustomizer@5a6d5a8f, org.springframework.boot.test.web.reactive.server.WebTestClientContextCustomizer@44ea608c, org.springframework.boot.test.autoconfigure.actuate.observability.ObservabilityContextCustomizerFactory$DisableObservabilityContextCustomizer@9da1, org.springframework.boot.test.autoconfigure.properties.PropertyMappingContextCustomizer@0, org.springframework.boot.test.autoconfigure.web.servlet.WebDriverContextCustomizerFactory$Customizer@3773862a, org.springframework.boot.test.context.SpringBootTestAnnotation@24629540], resourceBasePath = &quot;src/main/webapp&quot;, contextLoader = org.springframework.boot.test.context.SpringBootContextLoader, parent = null]" type="java.lang.IllegalStateException">java.lang.IllegalStateException: Failed to load ApplicationContext for [WebMergedContextConfiguration@4cef1ea6 testClass = com.xin.bookbackend.BookBackendApplicationTests, locations = [], classes = [com.xin.bookbackend.BookBackendApplication], contextInitializerClasses = [], activeProfiles = [], propertySourceLocations = [], propertySourceProperties = ["org.springframework.boot.test.context.SpringBootTestContextBootstrapper=true"], contextCustomizers = [org.springframework.boot.test.context.filter.ExcludeFilterContextCustomizer@159e366, org.springframework.boot.test.json.DuplicateJsonObjectContextCustomizerFactory$DuplicateJsonObjectContextCustomizer@2e27d72f, org.springframework.boot.test.mock.mockito.MockitoContextCustomizer@0, org.springframework.boot.test.web.client.TestRestTemplateContextCustomizer@5a6d5a8f, org.springframework.boot.test.web.reactive.server.WebTestClientContextCustomizer@44ea608c, org.springframework.boot.test.autoconfigure.actuate.observability.ObservabilityContextCustomizerFactory$DisableObservabilityContextCustomizer@9da1, org.springframework.boot.test.autoconfigure.properties.PropertyMappingContextCustomizer@0, org.springframework.boot.test.autoconfigure.web.servlet.WebDriverContextCustomizerFactory$Customizer@3773862a, org.springframework.boot.test.context.SpringBootTestAnnotation@24629540], resourceBasePath = "src/main/webapp", contextLoader = org.springframework.boot.test.context.SpringBootContextLoader, parent = null]
Caused by: org.springframework.beans.factory.UnsatisfiedDependencyException: Error creating bean with name 'bookController' defined in file [C:\Users\klein\java\Book-API\book-backend\target\classes\com\xin\bookbackend\controller\BookController.class]: Unsatisfied dependency expressed through constructor parameter 0: Error creating bean with name 'bookService': Injection of autowired dependencies failed
Caused by: org.springframework.beans.factory.BeanCreationException: Error creating bean with name 'bookService': Injection of autowired dependencies failed
Caused by: java.lang.IllegalArgumentException: Could not resolve placeholder 'google.api.key' in value "${google.api.key}"
</error>
    <system-out><![CDATA[08:44:26.213 [main] DEBUG org.springframework.boot.test.context.SpringBootTestContextBootstrapper - Neither @ContextConfiguration nor @ContextHierarchy found for test class [BookBackendApplicationTests]: using SpringBootContextLoader
08:44:26.223 [main] DEBUG org.springframework.test.context.support.AbstractContextLoader - Could not detect default resource locations for test class [com.xin.bookbackend.BookBackendApplicationTests]: no resource found for suffixes {-context.xml, Context.groovy}.
08:44:26.223 [main] INFO org.springframework.test.context.support.AnnotationConfigContextLoaderUtils - Could not detect default configuration classes for test class [com.xin.bookbackend.BookBackendApplicationTests]: BookBackendApplicationTests does not declare any static, non-private, non-final, nested classes annotated with @Configuration.
08:44:26.256 [main] DEBUG org.springframework.boot.test.context.SpringBootTestContextBootstrapper - Using ContextCustomizers for test class [BookBackendApplicationTests]: [ExcludeFilterContextCustomizer, DuplicateJsonObjectContextCustomizer, MockitoContextCustomizer, TestRestTemplateContextCustomizer, WebTestClientContextCustomizer, DisableObservabilityContextCustomizer, PropertyMappingContextCustomizer, Customizer]
08:44:26.339 [main] DEBUG org.springframework.context.annotation.ClassPathScanningCandidateComponentProvider - Identified candidate component class: file [C:\Users\klein\java\Book-API\book-backend\target\classes\com\xin\bookbackend\BookBackendApplication.class]
08:44:26.340 [main] INFO org.springframework.boot.test.context.SpringBootTestContextBootstrapper - Found @SpringBootConfiguration com.xin.bookbackend.BookBackendApplication for test class com.xin.bookbackend.BookBackendApplicationTests
08:44:26.487 [main] DEBUG org.springframework.boot.test.context.SpringBootTestContextBootstrapper - Using TestExecutionListeners for test class [BookBackendApplicationTests]: [ServletTestExecutionListener, DirtiesContextBeforeModesTestExecutionListener, ApplicationEventsTestExecutionListener, MockitoTestExecutionListener, DependencyInjectionTestExecutionListener, DirtiesContextTestExecutionListener, TransactionalTestExecutionListener, SqlScriptsTestExecutionListener, EventPublishingTestExecutionListener, WithSecurityContextTestExecutionListener, ReactorContextTestExecutionListener, ResetMocksTestExecutionListener, RestDocsTestExecutionListener, MockRestServiceServerResetTestExecutionListener, MockMvcPrintOnlyOnFailureTestExecutionListener, WebDriverTestExecutionListener, MockWebServiceServerTestExecutionListener]
08:44:26.488 [main] DEBUG org.springframework.test.context.support.AbstractDirtiesContextTestExecutionListener - Before test class: class [BookBackendApplicationTests], class annotated with @DirtiesContext [false] with mode [null]

  .   ____          _            __ _ _
 /\\ / ___'_ __ _ _(_)_ __  __ _ \ \ \ \
( ( )\___ | '_ | '_| | '_ \/ _` | \ \ \ \
 \\/  ___)| |_)| | | | | || (_| |  ) ) ) )
  '  |____| .__|_| |_|_| |_\__, | / / / /
 =========|_|==============|___/=/_/_/_/
 :: Spring Boot ::                (v3.0.4)

2023-05-02T08:44:26.802+02:00  INFO 29596 --- [           main] c.x.b.BookBackendApplicationTests        : Starting BookBackendApplicationTests using Java 19.0.2 with PID 29596 (started by klein in C:\Users\klein\java\Book-API\book-backend)
2023-05-02T08:44:26.804+02:00  INFO 29596 --- [           main] c.x.b.BookBackendApplicationTests        : No active profile set, falling back to 1 default profile: "default"
2023-05-02T08:44:27.750+02:00  INFO 29596 --- [           main] .s.d.r.c.RepositoryConfigurationDelegate : Bootstrapping Spring Data MongoDB repositories in DEFAULT mode.
2023-05-02T08:44:27.885+02:00  INFO 29596 --- [           main] .s.d.r.c.RepositoryConfigurationDelegate : Finished Spring Data repository scanning in 130 ms. Found 2 MongoDB repository interfaces.
2023-05-02T08:44:28.132+02:00  INFO 29596 --- [           main] trationDelegate$BeanPostProcessorChecker : Bean 'de.flapdoodle.embed.mongo.spring.autoconfigure.EmbeddedMongoAutoConfiguration' of type [de.flapdoodle.embed.mongo.spring.autoconfigure.EmbeddedMongoAutoConfiguration] is not eligible for getting processed by all BeanPostProcessors (for example: not eligible for auto-proxying)
2023-05-02T08:44:28.149+02:00  INFO 29596 --- [           main] trationDelegate$BeanPostProcessorChecker : Bean 'de.flapdoodle.mongodb.embedded-de.flapdoodle.embed.mongo.spring.autoconfigure.EmbeddedMongoProperties' of type [de.flapdoodle.embed.mongo.spring.autoconfigure.EmbeddedMongoProperties] is not eligible for getting processed by all BeanPostProcessors (for example: not eligible for auto-proxying)
2023-05-02T08:44:28.153+02:00  INFO 29596 --- [           main] trationDelegate$BeanPostProcessorChecker : Bean 'spring.data.mongodb-org.springframework.boot.autoconfigure.mongo.MongoProperties' of type [org.springframework.boot.autoconfigure.mongo.MongoProperties] is not eligible for getting processed by all BeanPostProcessors (for example: not eligible for auto-proxying)
2023-05-02T08:44:28.309+02:00  INFO 29596 --- [           main] d.f.e.m.s.a.SyncClientServerFactory      : sync server factory
2023-05-02T08:44:28.526+02:00  INFO 29596 --- [       Thread-2] d.f.e.m.s.autoconfigure.EmbeddedMongo    : {"t":{"$date":"2023-05-02T08:44:28.526+02:00"},"s":"I",  "c":"NETWORK",  "id":4915701, "ctx":"-","msg":"Initialized wire specification","attr":{"spec":{"incomingExternalClient":{"minWireVersion":0,"maxWireVersion":13},"incomingInternalClient":{"minWireVersion":0,"maxWireVersion":13},"outgoing":{"minWireVersion":0,"maxWireVersion":13},"isInternalClient":true}}}
2023-05-02T08:44:28.529+02:00  INFO 29596 --- [       Thread-2] d.f.e.m.s.autoconfigure.EmbeddedMongo    : {"t":{"$date":"2023-05-02T08:44:28.529+02:00"},"s":"I",  "c":"CONTROL",  "id":23285,   "ctx":"-","msg":"Automatically disabling TLS 1.0, to force-enable TLS 1.0 specify --sslDisabledProtocols 'none'"}
2023-05-02T08:44:28.569+02:00  INFO 29596 --- [       Thread-2] d.f.e.m.s.autoconfigure.EmbeddedMongo    : {"t":{"$date":"2023-05-02T08:44:28.569+02:00"},"s":"W",  "c":"ASIO",     "id":22601,   "ctx":"main","msg":"No TransportLayer configured during NetworkInterface startup"}
2023-05-02T08:44:28.569+02:00  INFO 29596 --- [       Thread-2] d.f.e.m.s.autoconfigure.EmbeddedMongo    : {"t":{"$date":"2023-05-02T08:44:28.569+02:00"},"s":"I",  "c":"NETWORK",  "id":4648602, "ctx":"main","msg":"Implicit TCP FastOpen in use."}
2023-05-02T08:44:28.571+02:00  INFO 29596 --- [       Thread-2] d.f.e.m.s.autoconfigure.EmbeddedMongo    : {"t":{"$date":"2023-05-02T08:44:28.571+02:00"},"s":"W",  "c":"ASIO",     "id":22601,   "ctx":"main","msg":"No TransportLayer configured during NetworkInterface startup"}
2023-05-02T08:44:28.571+02:00  INFO 29596 --- [       Thread-2] d.f.e.m.s.autoconfigure.EmbeddedMongo    : {"t":{"$date":"2023-05-02T08:44:28.571+02:00"},"s":"I",  "c":"REPL",     "id":5123008, "ctx":"main","msg":"Successfully registered PrimaryOnlyService","attr":{"service":"TenantMigrationDonorService","ns":"config.tenantMigrationDonors"}}
2023-05-02T08:44:28.571+02:00  INFO 29596 --- [       Thread-2] d.f.e.m.s.autoconfigure.EmbeddedMongo    : {"t":{"$date":"2023-05-02T08:44:28.571+02:00"},"s":"I",  "c":"REPL",     "id":5123008, "ctx":"main","msg":"Successfully registered PrimaryOnlyService","attr":{"service":"TenantMigrationRecipientService","ns":"config.tenantMigrationRecipients"}}
2023-05-02T08:44:28.571+02:00  INFO 29596 --- [       Thread-2] d.f.e.m.s.autoconfigure.EmbeddedMongo    : {"t":{"$date":"2023-05-02T08:44:28.571+02:00"},"s":"I",  "c":"CONTROL",  "id":5945603, "ctx":"main","msg":"Multi threading initialized"}
2023-05-02T08:44:28.572+02:00  INFO 29596 --- [       Thread-2] d.f.e.m.s.autoconfigure.EmbeddedMongo    : {"t":{"$date":"2023-05-02T08:44:28.572+02:00"},"s":"I",  "c":"CONTROL",  "id":4615611, "ctx":"initandlisten","msg":"MongoDB starting","attr":{"pid":29608,"port":58232,"dbPath":"C:/WINDOWS/TEMP/temp--4eb92ffc-0f6a-47a5-a426-8c191b807a4d/mongod-database10610325344040747219","architecture":"64-bit","host":"XinDu_OCA"}}
2023-05-02T08:44:28.572+02:00  INFO 29596 --- [       Thread-2] d.f.e.m.s.autoconfigure.EmbeddedMongo    : {"t":{"$date":"2023-05-02T08:44:28.572+02:00"},"s":"I",  "c":"CONTROL",  "id":23398,   "ctx":"initandlisten","msg":"Target operating system minimum version","attr":{"targetMinOS":"Windows 7/Windows Server 2008 R2"}}
2023-05-02T08:44:28.572+02:00  INFO 29596 --- [       Thread-2] d.f.e.m.s.autoconfigure.EmbeddedMongo    : {"t":{"$date":"2023-05-02T08:44:28.572+02:00"},"s":"I",  "c":"CONTROL",  "id":23403,   "ctx":"initandlisten","msg":"Build Info","attr":{"buildInfo":{"version":"5.0.5","gitVersion":"d65fd89df3fc039b5c55933c0f71d647a54510ae","modules":[],"allocator":"tcmalloc","environment":{"distmod":"windows","distarch":"x86_64","target_arch":"x86_64"}}}}
2023-05-02T08:44:28.572+02:00  INFO 29596 --- [       Thread-2] d.f.e.m.s.autoconfigure.EmbeddedMongo    : {"t":{"$date":"2023-05-02T08:44:28.572+02:00"},"s":"I",  "c":"CONTROL",  "id":51765,   "ctx":"initandlisten","msg":"Operating System","attr":{"os":{"name":"Microsoft Windows 10","version":"10.0 (build 22621)"}}}
2023-05-02T08:44:28.572+02:00  INFO 29596 --- [       Thread-2] d.f.e.m.s.autoconfigure.EmbeddedMongo    : {"t":{"$date":"2023-05-02T08:44:28.572+02:00"},"s":"I",  "c":"CONTROL",  "id":21951,   "ctx":"initandlisten","msg":"Options set by command line","attr":{"options":{"net":{"bindIp":"127.0.0.1","port":58232},"security":{"authorization":"disabled"},"storage":{"dbPath":"C:\\WINDOWS\\TEMP\\temp--4eb92ffc-0f6a-47a5-a426-8c191b807a4d\\mongod-database10610325344040747219","journal":{"enabled":false},"syncPeriodSecs":0}}}}
2023-05-02T08:44:28.573+02:00  INFO 29596 --- [       Thread-2] d.f.e.m.s.autoconfigure.EmbeddedMongo    : {"t":{"$date":"2023-05-02T08:44:28.573+02:00"},"s":"I",  "c":"STORAGE",  "id":22315,   "ctx":"initandlisten","msg":"Opening WiredTiger","attr":{"config":"create,cache_size=15767M,session_max=33000,eviction=(threads_min=4,threads_max=4),config_base=false,statistics=(fast),log=(enabled=true,archive=true,path=journal,compressor=snappy),builtin_extension_config=(zstd=(compression_level=6)),file_manager=(close_idle_time=600,close_scan_interval=10,close_handle_minimum=250),statistics_log=(wait=0),verbose=[recovery_progress,checkpoint_progress,compact_progress],,log=(enabled=false),"}}
2023-05-02T08:44:28.592+02:00  INFO 29596 --- [       Thread-2] d.f.e.m.s.autoconfigure.EmbeddedMongo    : {"t":{"$date":"2023-05-02T08:44:28.592+02:00"},"s":"I",  "c":"STORAGE",  "id":22430,   "ctx":"initandlisten","msg":"WiredTiger message","attr":{"message":"[1683009868:592339][29608:140713534039888], txn-recover: [WT_VERB_RECOVERY_ALL] Set global recovery timestamp: (0, 0)"}}
2023-05-02T08:44:28.592+02:00  INFO 29596 --- [       Thread-2] d.f.e.m.s.autoconfigure.EmbeddedMongo    : {"t":{"$date":"2023-05-02T08:44:28.592+02:00"},"s":"I",  "c":"STORAGE",  "id":22430,   "ctx":"initandlisten","msg":"WiredTiger message","attr":{"message":"[1683009868:592339][29608:140713534039888], txn-recover: [WT_VERB_RECOVERY_ALL] Set global oldest timestamp: (0, 0)"}}
2023-05-02T08:44:28.607+02:00  INFO 29596 --- [       Thread-2] d.f.e.m.s.autoconfigure.EmbeddedMongo    : {"t":{"$date":"2023-05-02T08:44:28.607+02:00"},"s":"I",  "c":"STORAGE",  "id":4795906, "ctx":"initandlisten","msg":"WiredTiger opened","attr":{"durationMillis":34}}
2023-05-02T08:44:28.607+02:00  INFO 29596 --- [       Thread-2] d.f.e.m.s.autoconfigure.EmbeddedMongo    : {"t":{"$date":"2023-05-02T08:44:28.607+02:00"},"s":"I",  "c":"RECOVERY", "id":23987,   "ctx":"initandlisten","msg":"WiredTiger recoveryTimestamp","attr":{"recoveryTimestamp":{"$timestamp":{"t":0,"i":0}}}}
2023-05-02T08:44:28.624+02:00  INFO 29596 --- [       Thread-2] d.f.e.m.s.autoconfigure.EmbeddedMongo    : {"t":{"$date":"2023-05-02T08:44:28.624+02:00"},"s":"I",  "c":"STORAGE",  "id":4366408, "ctx":"initandlisten","msg":"No table logging settings modifications are required for existing WiredTiger tables","attr":{"loggingEnabled":true}}
2023-05-02T08:44:28.624+02:00  INFO 29596 --- [       Thread-2] d.f.e.m.s.autoconfigure.EmbeddedMongo    : {"t":{"$date":"2023-05-02T08:44:28.624+02:00"},"s":"I",  "c":"STORAGE",  "id":22262,   "ctx":"initandlisten","msg":"Timestamp monitor starting"}
2023-05-02T08:44:28.632+02:00  INFO 29596 --- [       Thread-2] d.f.e.m.s.autoconfigure.EmbeddedMongo    : {"t":{"$date":"2023-05-02T08:44:28.632+02:00"},"s":"I",  "c":"STORAGE",  "id":20320,   "ctx":"initandlisten","msg":"createCollection","attr":{"namespace":"admin.system.version","uuidDisposition":"provided","uuid":{"uuid":{"$uuid":"72d414cd-d4d6-4685-beb7-0e7276193d5f"}},"options":{"uuid":{"$uuid":"72d414cd-d4d6-4685-beb7-0e7276193d5f"}}}}
2023-05-02T08:44:28.650+02:00  INFO 29596 --- [       Thread-2] d.f.e.m.s.autoconfigure.EmbeddedMongo    : {"t":{"$date":"2023-05-02T08:44:28.650+02:00"},"s":"I",  "c":"INDEX",    "id":20345,   "ctx":"initandlisten","msg":"Index build: done building","attr":{"buildUUID":null,"namespace":"admin.system.version","index":"_id_","commitTimestamp":null}}
2023-05-02T08:44:28.650+02:00  INFO 29596 --- [       Thread-2] d.f.e.m.s.autoconfigure.EmbeddedMongo    : {"t":{"$date":"2023-05-02T08:44:28.650+02:00"},"s":"I",  "c":"REPL",     "id":20459,   "ctx":"initandlisten","msg":"Setting featureCompatibilityVersion","attr":{"newVersion":"5.0"}}
2023-05-02T08:44:28.650+02:00  INFO 29596 --- [       Thread-2] d.f.e.m.s.autoconfigure.EmbeddedMongo    : {"t":{"$date":"2023-05-02T08:44:28.650+02:00"},"s":"I",  "c":"NETWORK",  "id":4915702, "ctx":"initandlisten","msg":"Updated wire specification","attr":{"oldSpec":{"incomingExternalClient":{"minWireVersion":0,"maxWireVersion":13},"incomingInternalClient":{"minWireVersion":0,"maxWireVersion":13},"outgoing":{"minWireVersion":0,"maxWireVersion":13},"isInternalClient":true},"newSpec":{"incomingExternalClient":{"minWireVersion":0,"maxWireVersion":13},"incomingInternalClient":{"minWireVersion":13,"maxWireVersion":13},"outgoing":{"minWireVersion":13,"maxWireVersion":13},"isInternalClient":true}}}
2023-05-02T08:44:28.650+02:00  INFO 29596 --- [       Thread-2] d.f.e.m.s.autoconfigure.EmbeddedMongo    : {"t":{"$date":"2023-05-02T08:44:28.650+02:00"},"s":"I",  "c":"NETWORK",  "id":4915702, "ctx":"initandlisten","msg":"Updated wire specification","attr":{"oldSpec":{"incomingExternalClient":{"minWireVersion":0,"maxWireVersion":13},"incomingInternalClient":{"minWireVersion":13,"maxWireVersion":13},"outgoing":{"minWireVersion":13,"maxWireVersion":13},"isInternalClient":true},"newSpec":{"incomingExternalClient":{"minWireVersion":0,"maxWireVersion":13},"incomingInternalClient":{"minWireVersion":13,"maxWireVersion":13},"outgoing":{"minWireVersion":13,"maxWireVersion":13},"isInternalClient":true}}}
2023-05-02T08:44:28.652+02:00  INFO 29596 --- [       Thread-2] d.f.e.m.s.autoconfigure.EmbeddedMongo    : {"t":{"$date":"2023-05-02T08:44:28.652+02:00"},"s":"I",  "c":"STORAGE",  "id":5071100, "ctx":"initandlisten","msg":"Clearing temp directory"}
2023-05-02T08:44:28.652+02:00  INFO 29596 --- [       Thread-2] d.f.e.m.s.autoconfigure.EmbeddedMongo    : {"t":{"$date":"2023-05-02T08:44:28.652+02:00"},"s":"I",  "c":"CONTROL",  "id":20536,   "ctx":"initandlisten","msg":"Flow Control is enabled on this deployment"}
2023-05-02T08:44:28.807+02:00  INFO 29596 --- [       Thread-2] d.f.e.m.s.autoconfigure.EmbeddedMongo    : {"t":{"$date":"2023-05-02T08:44:28.807+02:00"},"s":"W",  "c":"FTDC",     "id":23718,   "ctx":"initandlisten","msg":"Failed to initialize Performance Counters for FTDC","attr":{"error":{"code":179,"codeName":"WindowsPdhError","errmsg":"PdhAddEnglishCounterW failed with 'Das angegebene Objekt wurde nicht auf dem Computer gefunden.'"}}}
2023-05-02T08:44:28.807+02:00  INFO 29596 --- [       Thread-2] d.f.e.m.s.autoconfigure.EmbeddedMongo    : {"t":{"$date":"2023-05-02T08:44:28.807+02:00"},"s":"I",  "c":"FTDC",     "id":20625,   "ctx":"initandlisten","msg":"Initializing full-time diagnostic data capture","attr":{"dataDirectory":"C:/WINDOWS/TEMP/temp--4eb92ffc-0f6a-47a5-a426-8c191b807a4d/mongod-database10610325344040747219/diagnostic.data"}}
2023-05-02T08:44:28.807+02:00  INFO 29596 --- [       Thread-2] d.f.e.m.s.autoconfigure.EmbeddedMongo    : {"t":{"$date":"2023-05-02T08:44:28.807+02:00"},"s":"I",  "c":"STORAGE",  "id":20320,   "ctx":"initandlisten","msg":"createCollection","attr":{"namespace":"local.startup_log","uuidDisposition":"generated","uuid":{"uuid":{"$uuid":"5732f904-0597-4f13-8322-b665f6a31ed2"}},"options":{"capped":true,"size":10485760}}}
2023-05-02T08:44:28.827+02:00  INFO 29596 --- [       Thread-2] d.f.e.m.s.autoconfigure.EmbeddedMongo    : {"t":{"$date":"2023-05-02T08:44:28.827+02:00"},"s":"I",  "c":"INDEX",    "id":20345,   "ctx":"initandlisten","msg":"Index build: done building","attr":{"buildUUID":null,"namespace":"local.startup_log","index":"_id_","commitTimestamp":null}}
2023-05-02T08:44:28.827+02:00  INFO 29596 --- [       Thread-2] d.f.e.m.s.autoconfigure.EmbeddedMongo    : {"t":{"$date":"2023-05-02T08:44:28.827+02:00"},"s":"I",  "c":"REPL",     "id":6015317, "ctx":"initandlisten","msg":"Setting new configuration state","attr":{"newState":"ConfigReplicationDisabled","oldState":"ConfigPreStart"}}
2023-05-02T08:44:28.828+02:00  INFO 29596 --- [       Thread-2] d.f.e.m.s.autoconfigure.EmbeddedMongo    : {"t":{"$date":"2023-05-02T08:44:28.828+02:00"},"s":"I",  "c":"CONTROL",  "id":20712,   "ctx":"LogicalSessionCacheReap","msg":"Sessions collection is not set up; waiting until next sessions reap interval","attr":{"error":"NamespaceNotFound: config.system.sessions does not exist"}}
2023-05-02T08:44:28.828+02:00  INFO 29596 --- [       Thread-2] d.f.e.m.s.autoconfigure.EmbeddedMongo    : {"t":{"$date":"2023-05-02T08:44:28.828+02:00"},"s":"I",  "c":"NETWORK",  "id":23015,   "ctx":"listener","msg":"Listening on","attr":{"address":"127.0.0.1"}}
2023-05-02T08:44:28.828+02:00  INFO 29596 --- [       Thread-2] d.f.e.m.s.autoconfigure.EmbeddedMongo    : {"t":{"$date":"2023-05-02T08:44:28.828+02:00"},"s":"I",  "c":"NETWORK",  "id":23016,   "ctx":"listener","msg":"Waiting for connections","attr":{"port":58232,"ssl":"off"}}
2023-05-02T08:44:28.829+02:00  INFO 29596 --- [       Thread-2] d.f.e.m.s.autoconfigure.EmbeddedMongo    : {"t":{"$date":"2023-05-02T08:44:28.828+02:00"},"s":"I",  "c":"STORAGE",  "id":20320,   "ctx":"LogicalSessionCacheRefresh","msg":"createCollection","attr":{"namespace":"config.system.sessions","uuidDisposition":"generated","uuid":{"uuid":{"$uuid":"0f6f1823-f9f3-4751-867b-1588d72b0419"}},"options":{}}}
2023-05-02T08:44:28.858+02:00  INFO 29596 --- [       Thread-2] d.f.e.m.s.autoconfigure.EmbeddedMongo    : {"t":{"$date":"2023-05-02T08:44:28.858+02:00"},"s":"I",  "c":"INDEX",    "id":20345,   "ctx":"LogicalSessionCacheRefresh","msg":"Index build: done building","attr":{"buildUUID":null,"namespace":"config.system.sessions","index":"_id_","commitTimestamp":null}}
2023-05-02T08:44:28.858+02:00  INFO 29596 --- [       Thread-2] d.f.e.m.s.autoconfigure.EmbeddedMongo    : {"t":{"$date":"2023-05-02T08:44:28.858+02:00"},"s":"I",  "c":"INDEX",    "id":20345,   "ctx":"LogicalSessionCacheRefresh","msg":"Index build: done building","attr":{"buildUUID":null,"namespace":"config.system.sessions","index":"lsidTTLIndex","commitTimestamp":null}}
2023-05-02T08:44:28.949+02:00  INFO 29596 --- [       Thread-2] d.f.e.m.s.autoconfigure.EmbeddedMongo    : {"t":{"$date":"2023-05-02T08:44:28.950+02:00"},"s":"I",  "c":"NETWORK",  "id":22943,   "ctx":"listener","msg":"Connection accepted","attr":{"remote":"127.0.0.1:58239","uuid":"ddf89838-781b-426c-88e1-afd8e4a0b727","connectionId":1,"connectionCount":1}}
2023-05-02T08:44:28.949+02:00  INFO 29596 --- [       Thread-2] d.f.e.m.s.autoconfigure.EmbeddedMongo    : {"t":{"$date":"2023-05-02T08:44:28.950+02:00"},"s":"I",  "c":"NETWORK",  "id":22943,   "ctx":"listener","msg":"Connection accepted","attr":{"remote":"127.0.0.1:58240","uuid":"bd19f377-3f46-4f0f-ba55-26a120791c7f","connectionId":2,"connectionCount":2}}
2023-05-02T08:44:28.956+02:00  INFO 29596 --- [           main] org.mongodb.driver.client                : MongoClient with metadata {"driver": {"name": "mongo-java-driver|sync|spring-boot", "version": "4.8.2"}, "os": {"type": "Windows", "name": "Windows 11", "architecture": "amd64", "version": "10.0"}, "platform": "Java/Oracle Corporation/19.0.2+7-44"} created with settings MongoClientSettings{readPreference=primary, writeConcern=WriteConcern{w=null, wTimeout=null ms, journal=null}, retryWrites=true, retryReads=true, readConcern=ReadConcern{level=null}, credential=null, streamFactoryFactory=null, commandListeners=[], codecRegistry=ProvidersCodecRegistry{codecProviders=[ValueCodecProvider{}, BsonValueCodecProvider{}, DBRefCodecProvider{}, DBObjectCodecProvider{}, DocumentCodecProvider{}, CollectionCodecProvider{}, IterableCodecProvider{}, MapCodecProvider{}, GeoJsonCodecProvider{}, GridFSFileCodecProvider{}, Jsr310CodecProvider{}, JsonObjectCodecProvider{}, BsonCodecProvider{}, EnumCodecProvider{}, com.mongodb.Jep395RecordCodecProvider@ab5954d]}, clusterSettings={hosts=[kubernetes.docker.internal:58232], srvServiceName=mongodb, mode=SINGLE, requiredClusterType=UNKNOWN, requiredReplicaSetName='null', serverSelector='null', clusterListeners='[]', serverSelectionTimeout='30000 ms', localThreshold='30000 ms'}, socketSettings=SocketSettings{connectTimeoutMS=10000, readTimeoutMS=0, receiveBufferSize=0, sendBufferSize=0}, heartbeatSocketSettings=SocketSettings{connectTimeoutMS=10000, readTimeoutMS=10000, receiveBufferSize=0, sendBufferSize=0}, connectionPoolSettings=ConnectionPoolSettings{maxSize=100, minSize=0, maxWaitTimeMS=120000, maxConnectionLifeTimeMS=0, maxConnectionIdleTimeMS=0, maintenanceInitialDelayMS=0, maintenanceFrequencyMS=60000, connectionPoolListeners=[], maxConnecting=2}, serverSettings=ServerSettings{heartbeatFrequencyMS=10000, minHeartbeatFrequencyMS=500, serverListeners='[]', serverMonitorListeners='[]'}, sslSettings=SslSettings{enabled=false, invalidHostNameAllowed=false, context=null}, applicationName='null', compressorList=[], uuidRepresentation=JAVA_LEGACY, serverApi=null, autoEncryptionSettings=null, contextProvider=null}
2023-05-02T08:44:28.956+02:00  INFO 29596 --- [       Thread-2] d.f.e.m.s.autoconfigure.EmbeddedMongo    : {"t":{"$date":"2023-05-02T08:44:28.957+02:00"},"s":"I",  "c":"NETWORK",  "id":51800,   "ctx":"conn2","msg":"client metadata","attr":{"remote":"127.0.0.1:58240","client":"conn2","doc":{"driver":{"name":"mongo-java-driver|sync|spring-boot","version":"4.8.2"},"os":{"type":"Windows","name":"Windows 11","architecture":"amd64","version":"10.0"},"platform":"Java/Oracle Corporation/19.0.2+7-44"}}}
2023-05-02T08:44:28.957+02:00  INFO 29596 --- [       Thread-2] d.f.e.m.s.autoconfigure.EmbeddedMongo    : {"t":{"$date":"2023-05-02T08:44:28.957+02:00"},"s":"I",  "c":"NETWORK",  "id":51800,   "ctx":"conn1","msg":"client metadata","attr":{"remote":"127.0.0.1:58239","client":"conn1","doc":{"driver":{"name":"mongo-java-driver|sync|spring-boot","version":"4.8.2"},"os":{"type":"Windows","name":"Windows 11","architecture":"amd64","version":"10.0"},"platform":"Java/Oracle Corporation/19.0.2+7-44"}}}
2023-05-02T08:44:28.968+02:00  INFO 29596 --- [.internal:58232] org.mongodb.driver.cluster               : Monitor thread successfully connected to server with description ServerDescription{address=kubernetes.docker.internal:58232, type=STANDALONE, state=CONNECTED, ok=true, minWireVersion=0, maxWireVersion=13, maxDocumentSize=16777216, logicalSessionTimeoutMinutes=30, roundTripTimeNanos=17759300}
2023-05-02T08:44:29.468+02:00  WARN 29596 --- [           main] o.s.w.c.s.GenericWebApplicationContext   : Exception encountered during context initialization - cancelling refresh attempt: org.springframework.beans.factory.UnsatisfiedDependencyException: Error creating bean with name 'bookController' defined in file [C:\Users\klein\java\Book-API\book-backend\target\classes\com\xin\bookbackend\controller\BookController.class]: Unsatisfied dependency expressed through constructor parameter 0: Error creating bean with name 'bookService': Injection of autowired dependencies failed
2023-05-02T08:44:29.469+02:00  INFO 29596 --- [       Thread-2] d.f.e.m.s.autoconfigure.EmbeddedMongo    : {"t":{"$date":"2023-05-02T08:44:29.470+02:00"},"s":"I",  "c":"NETWORK",  "id":22944,   "ctx":"conn1","msg":"Connection ended","attr":{"remote":"127.0.0.1:58239","uuid":"ddf89838-781b-426c-88e1-afd8e4a0b727","connectionId":1,"connectionCount":1}}
2023-05-02T08:44:29.472+02:00  INFO 29596 --- [       Thread-2] d.f.e.m.s.autoconfigure.EmbeddedMongo    : {"t":{"$date":"2023-05-02T08:44:29.471+02:00"},"s":"I",  "c":"NETWORK",  "id":22943,   "ctx":"listener","msg":"Connection accepted","attr":{"remote":"127.0.0.1:58246","uuid":"b118aa21-7997-45c6-baeb-e80f30985203","connectionId":3,"connectionCount":2}}
2023-05-02T08:44:29.472+02:00  INFO 29596 --- [       Thread-2] d.f.e.m.s.autoconfigure.EmbeddedMongo    : {"t":{"$date":"2023-05-02T08:44:29.472+02:00"},"s":"I",  "c":"COMMAND",  "id":4695400, "ctx":"conn3","msg":"Terminating via shutdown command","attr":{"force":true,"timeoutSecs":0}}
2023-05-02T08:44:29.472+02:00  INFO 29596 --- [       Thread-2] d.f.e.m.s.autoconfigure.EmbeddedMongo    : {"t":{"$date":"2023-05-02T08:44:29.472+02:00"},"s":"I",  "c":"REPL",     "id":4794602, "ctx":"conn3","msg":"Attempting to enter quiesce mode"}
2023-05-02T08:44:29.472+02:00  INFO 29596 --- [       Thread-2] d.f.e.m.s.autoconfigure.EmbeddedMongo    : {"t":{"$date":"2023-05-02T08:44:29.472+02:00"},"s":"I",  "c":"COMMAND",  "id":4784901, "ctx":"conn3","msg":"Shutting down the MirrorMaestro"}
2023-05-02T08:44:29.472+02:00  INFO 29596 --- [       Thread-2] d.f.e.m.s.autoconfigure.EmbeddedMongo    : {"t":{"$date":"2023-05-02T08:44:29.472+02:00"},"s":"I",  "c":"SHARDING", "id":4784902, "ctx":"conn3","msg":"Shutting down the WaitForMajorityService"}
2023-05-02T08:44:29.472+02:00  INFO 29596 --- [       Thread-2] d.f.e.m.s.autoconfigure.EmbeddedMongo    : {"t":{"$date":"2023-05-02T08:44:29.472+02:00"},"s":"I",  "c":"CONTROL",  "id":4784903, "ctx":"conn3","msg":"Shutting down the LogicalSessionCache"}
2023-05-02T08:44:29.472+02:00  INFO 29596 --- [       Thread-2] d.f.e.m.s.autoconfigure.EmbeddedMongo    : {"t":{"$date":"2023-05-02T08:44:29.472+02:00"},"s":"I",  "c":"NETWORK",  "id":20562,   "ctx":"conn3","msg":"Shutdown: going to close listening sockets"}
2023-05-02T08:44:29.472+02:00  INFO 29596 --- [       Thread-2] d.f.e.m.s.autoconfigure.EmbeddedMongo    : {"t":{"$date":"2023-05-02T08:44:29.472+02:00"},"s":"I",  "c":"NETWORK",  "id":4784905, "ctx":"conn3","msg":"Shutting down the global connection pool"}
2023-05-02T08:44:29.472+02:00  INFO 29596 --- [       Thread-2] d.f.e.m.s.autoconfigure.EmbeddedMongo    : {"t":{"$date":"2023-05-02T08:44:29.472+02:00"},"s":"I",  "c":"CONTROL",  "id":4784906, "ctx":"conn3","msg":"Shutting down the FlowControlTicketholder"}
2023-05-02T08:44:29.473+02:00  INFO 29596 --- [       Thread-2] d.f.e.m.s.autoconfigure.EmbeddedMongo    : {"t":{"$date":"2023-05-02T08:44:29.472+02:00"},"s":"I",  "c":"-",        "id":20520,   "ctx":"conn3","msg":"Stopping further Flow Control ticket acquisitions."}
2023-05-02T08:44:29.473+02:00  INFO 29596 --- [       Thread-2] d.f.e.m.s.autoconfigure.EmbeddedMongo    : {"t":{"$date":"2023-05-02T08:44:29.472+02:00"},"s":"I",  "c":"CONTROL",  "id":4784908, "ctx":"conn3","msg":"Shutting down the PeriodicThreadToAbortExpiredTransactions"}
2023-05-02T08:44:29.473+02:00  INFO 29596 --- [       Thread-2] d.f.e.m.s.autoconfigure.EmbeddedMongo    : {"t":{"$date":"2023-05-02T08:44:29.472+02:00"},"s":"I",  "c":"REPL",     "id":4784909, "ctx":"conn3","msg":"Shutting down the ReplicationCoordinator"}
2023-05-02T08:44:29.473+02:00  INFO 29596 --- [       Thread-2] d.f.e.m.s.autoconfigure.EmbeddedMongo    : {"t":{"$date":"2023-05-02T08:44:29.472+02:00"},"s":"I",  "c":"SHARDING", "id":4784910, "ctx":"conn3","msg":"Shutting down the ShardingInitializationMongoD"}
2023-05-02T08:44:29.473+02:00  INFO 29596 --- [       Thread-2] d.f.e.m.s.autoconfigure.EmbeddedMongo    : {"t":{"$date":"2023-05-02T08:44:29.473+02:00"},"s":"I",  "c":"REPL",     "id":4784911, "ctx":"conn3","msg":"Enqueuing the ReplicationStateTransitionLock for shutdown"}
2023-05-02T08:44:29.473+02:00  INFO 29596 --- [       Thread-2] d.f.e.m.s.autoconfigure.EmbeddedMongo    : {"t":{"$date":"2023-05-02T08:44:29.473+02:00"},"s":"I",  "c":"-",        "id":4784912, "ctx":"conn3","msg":"Killing all operations for shutdown"}
2023-05-02T08:44:29.473+02:00  INFO 29596 --- [       Thread-2] d.f.e.m.s.autoconfigure.EmbeddedMongo    : {"t":{"$date":"2023-05-02T08:44:29.473+02:00"},"s":"I",  "c":"-",        "id":4695300, "ctx":"conn3","msg":"Interrupted all currently running operations","attr":{"opsKilled":3}}
2023-05-02T08:44:29.473+02:00  INFO 29596 --- [       Thread-2] d.f.e.m.s.autoconfigure.EmbeddedMongo    : {"t":{"$date":"2023-05-02T08:44:29.473+02:00"},"s":"I",  "c":"TENANT_M", "id":5093807, "ctx":"conn3","msg":"Shutting down all TenantMigrationAccessBlockers on global shutdown"}
2023-05-02T08:44:29.473+02:00  INFO 29596 --- [       Thread-2] d.f.e.m.s.autoconfigure.EmbeddedMongo    : {"t":{"$date":"2023-05-02T08:44:29.473+02:00"},"s":"I",  "c":"COMMAND",  "id":4784913, "ctx":"conn3","msg":"Shutting down all open transactions"}
2023-05-02T08:44:29.473+02:00  INFO 29596 --- [       Thread-2] d.f.e.m.s.autoconfigure.EmbeddedMongo    : {"t":{"$date":"2023-05-02T08:44:29.473+02:00"},"s":"I",  "c":"REPL",     "id":4784914, "ctx":"conn3","msg":"Acquiring the ReplicationStateTransitionLock for shutdown"}
2023-05-02T08:44:29.473+02:00  INFO 29596 --- [       Thread-2] d.f.e.m.s.autoconfigure.EmbeddedMongo    : {"t":{"$date":"2023-05-02T08:44:29.473+02:00"},"s":"I",  "c":"INDEX",    "id":4784915, "ctx":"conn3","msg":"Shutting down the IndexBuildsCoordinator"}
2023-05-02T08:44:29.473+02:00  INFO 29596 --- [       Thread-2] d.f.e.m.s.autoconfigure.EmbeddedMongo    : {"t":{"$date":"2023-05-02T08:44:29.473+02:00"},"s":"I",  "c":"REPL",     "id":4784916, "ctx":"conn3","msg":"Reacquiring the ReplicationStateTransitionLock for shutdown"}
2023-05-02T08:44:29.473+02:00  INFO 29596 --- [       Thread-2] d.f.e.m.s.autoconfigure.EmbeddedMongo    : {"t":{"$date":"2023-05-02T08:44:29.473+02:00"},"s":"I",  "c":"REPL",     "id":4784917, "ctx":"conn3","msg":"Attempting to mark clean shutdown"}
2023-05-02T08:44:29.473+02:00  INFO 29596 --- [       Thread-2] d.f.e.m.s.autoconfigure.EmbeddedMongo    : {"t":{"$date":"2023-05-02T08:44:29.473+02:00"},"s":"I",  "c":"NETWORK",  "id":4784918, "ctx":"conn3","msg":"Shutting down the ReplicaSetMonitor"}
2023-05-02T08:44:29.473+02:00  INFO 29596 --- [       Thread-2] d.f.e.m.s.autoconfigure.EmbeddedMongo    : {"t":{"$date":"2023-05-02T08:44:29.473+02:00"},"s":"I",  "c":"SHARDING", "id":4784921, "ctx":"conn3","msg":"Shutting down the MigrationUtilExecutor"}
2023-05-02T08:44:29.473+02:00  INFO 29596 --- [       Thread-2] d.f.e.m.s.autoconfigure.EmbeddedMongo    : {"t":{"$date":"2023-05-02T08:44:29.473+02:00"},"s":"I",  "c":"ASIO",     "id":22582,   "ctx":"MigrationUtil-TaskExecutor","msg":"Killing all outstanding egress activity."}
2023-05-02T08:44:29.473+02:00  INFO 29596 --- [       Thread-2] d.f.e.m.s.autoconfigure.EmbeddedMongo    : {"t":{"$date":"2023-05-02T08:44:29.473+02:00"},"s":"I",  "c":"COMMAND",  "id":4784923, "ctx":"conn3","msg":"Shutting down the ServiceEntryPoint"}
2023-05-02T08:44:29.473+02:00  INFO 29596 --- [       Thread-2] d.f.e.m.s.autoconfigure.EmbeddedMongo    : {"t":{"$date":"2023-05-02T08:44:29.473+02:00"},"s":"I",  "c":"CONTROL",  "id":4784925, "ctx":"conn3","msg":"Shutting down free monitoring"}
2023-05-02T08:44:29.473+02:00  INFO 29596 --- [       Thread-2] d.f.e.m.s.autoconfigure.EmbeddedMongo    : {"t":{"$date":"2023-05-02T08:44:29.473+02:00"},"s":"I",  "c":"CONTROL",  "id":20609,   "ctx":"conn3","msg":"Shutting down free monitoring"}
2023-05-02T08:44:29.473+02:00  INFO 29596 --- [       Thread-2] d.f.e.m.s.autoconfigure.EmbeddedMongo    : {"t":{"$date":"2023-05-02T08:44:29.473+02:00"},"s":"I",  "c":"NETWORK",  "id":22944,   "ctx":"conn2","msg":"Connection ended","attr":{"remote":"127.0.0.1:58240","uuid":"bd19f377-3f46-4f0f-ba55-26a120791c7f","connectionId":2,"connectionCount":1}}
2023-05-02T08:44:29.473+02:00  INFO 29596 --- [       Thread-2] d.f.e.m.s.autoconfigure.EmbeddedMongo    : {"t":{"$date":"2023-05-02T08:44:29.473+02:00"},"s":"I",  "c":"CONTROL",  "id":4784927, "ctx":"conn3","msg":"Shutting down the HealthLog"}
2023-05-02T08:44:29.473+02:00  INFO 29596 --- [       Thread-2] d.f.e.m.s.autoconfigure.EmbeddedMongo    : {"t":{"$date":"2023-05-02T08:44:29.473+02:00"},"s":"I",  "c":"CONTROL",  "id":4784928, "ctx":"conn3","msg":"Shutting down the TTL monitor"}
2023-05-02T08:44:29.473+02:00  INFO 29596 --- [       Thread-2] d.f.e.m.s.autoconfigure.EmbeddedMongo    : {"t":{"$date":"2023-05-02T08:44:29.473+02:00"},"s":"I",  "c":"INDEX",    "id":3684100, "ctx":"conn3","msg":"Shutting down TTL collection monitor thread"}
2023-05-02T08:44:29.474+02:00  INFO 29596 --- [       Thread-2] d.f.e.m.s.autoconfigure.EmbeddedMongo    : {"t":{"$date":"2023-05-02T08:44:29.473+02:00"},"s":"I",  "c":"INDEX",    "id":3684101, "ctx":"conn3","msg":"Finished shutting down TTL collection monitor thread"}
2023-05-02T08:44:29.474+02:00  INFO 29596 --- [       Thread-2] d.f.e.m.s.autoconfigure.EmbeddedMongo    : {"t":{"$date":"2023-05-02T08:44:29.473+02:00"},"s":"I",  "c":"CONTROL",  "id":4784929, "ctx":"conn3","msg":"Acquiring the global lock for shutdown"}
2023-05-02T08:44:29.474+02:00  INFO 29596 --- [       Thread-2] d.f.e.m.s.autoconfigure.EmbeddedMongo    : {"t":{"$date":"2023-05-02T08:44:29.473+02:00"},"s":"I",  "c":"CONTROL",  "id":4784930, "ctx":"conn3","msg":"Shutting down the storage engine"}
2023-05-02T08:44:29.474+02:00  INFO 29596 --- [       Thread-2] d.f.e.m.s.autoconfigure.EmbeddedMongo    : {"t":{"$date":"2023-05-02T08:44:29.473+02:00"},"s":"I",  "c":"STORAGE",  "id":22320,   "ctx":"conn3","msg":"Shutting down journal flusher thread"}
2023-05-02T08:44:29.474+02:00  INFO 29596 --- [       Thread-2] d.f.e.m.s.autoconfigure.EmbeddedMongo    : {"t":{"$date":"2023-05-02T08:44:29.474+02:00"},"s":"I",  "c":"STORAGE",  "id":22430,   "ctx":"JournalFlusher","msg":"WiredTiger message","attr":{"message":"[1683009869:474016][29608:140713534039888], WT_SESSION.checkpoint: [WT_VERB_CHECKPOINT_PROGRESS] saving checkpoint snapshot min: 34, snapshot max: 34 snapshot count: 0, oldest timestamp: (0, 0) , meta checkpoint timestamp: (0, 0) base write gen: 1"}}
2023-05-02T08:44:29.492+02:00  INFO 29596 --- [       Thread-2] d.f.e.m.s.autoconfigure.EmbeddedMongo    : {"t":{"$date":"2023-05-02T08:44:29.492+02:00"},"s":"I",  "c":"STORAGE",  "id":22321,   "ctx":"conn3","msg":"Finished shutting down journal flusher thread"}
2023-05-02T08:44:29.492+02:00  INFO 29596 --- [       Thread-2] d.f.e.m.s.autoconfigure.EmbeddedMongo    : {"t":{"$date":"2023-05-02T08:44:29.492+02:00"},"s":"I",  "c":"STORAGE",  "id":22322,   "ctx":"conn3","msg":"Shutting down checkpoint thread"}
2023-05-02T08:44:29.492+02:00  INFO 29596 --- [       Thread-2] d.f.e.m.s.autoconfigure.EmbeddedMongo    : {"t":{"$date":"2023-05-02T08:44:29.493+02:00"},"s":"I",  "c":"STORAGE",  "id":22323,   "ctx":"conn3","msg":"Finished shutting down checkpoint thread"}
2023-05-02T08:44:29.492+02:00  INFO 29596 --- [       Thread-2] d.f.e.m.s.autoconfigure.EmbeddedMongo    : {"t":{"$date":"2023-05-02T08:44:29.493+02:00"},"s":"I",  "c":"STORAGE",  "id":20282,   "ctx":"conn3","msg":"Deregistering all the collections"}
2023-05-02T08:44:29.492+02:00  INFO 29596 --- [       Thread-2] d.f.e.m.s.autoconfigure.EmbeddedMongo    : {"t":{"$date":"2023-05-02T08:44:29.493+02:00"},"s":"I",  "c":"STORAGE",  "id":22261,   "ctx":"conn3","msg":"Timestamp monitor shutting down"}
2023-05-02T08:44:29.492+02:00  INFO 29596 --- [       Thread-2] d.f.e.m.s.autoconfigure.EmbeddedMongo    : {"t":{"$date":"2023-05-02T08:44:29.493+02:00"},"s":"I",  "c":"STORAGE",  "id":22317,   "ctx":"conn3","msg":"WiredTigerKVEngine shutting down"}
2023-05-02T08:44:29.493+02:00  INFO 29596 --- [       Thread-2] d.f.e.m.s.autoconfigure.EmbeddedMongo    : {"t":{"$date":"2023-05-02T08:44:29.493+02:00"},"s":"I",  "c":"STORAGE",  "id":22318,   "ctx":"conn3","msg":"Shutting down session sweeper thread"}
2023-05-02T08:44:29.493+02:00  INFO 29596 --- [       Thread-2] d.f.e.m.s.autoconfigure.EmbeddedMongo    : {"t":{"$date":"2023-05-02T08:44:29.493+02:00"},"s":"I",  "c":"STORAGE",  "id":22319,   "ctx":"conn3","msg":"Finished shutting down session sweeper thread"}
2023-05-02T08:44:29.493+02:00  INFO 29596 --- [       Thread-2] d.f.e.m.s.autoconfigure.EmbeddedMongo    : {"t":{"$date":"2023-05-02T08:44:29.493+02:00"},"s":"I",  "c":"STORAGE",  "id":4795902, "ctx":"conn3","msg":"Closing WiredTiger","attr":{"closeConfig":"leak_memory=true,"}}
2023-05-02T08:44:29.493+02:00  INFO 29596 --- [       Thread-2] d.f.e.m.s.autoconfigure.EmbeddedMongo    : {"t":{"$date":"2023-05-02T08:44:29.493+02:00"},"s":"I",  "c":"STORAGE",  "id":22430,   "ctx":"conn3","msg":"WiredTiger message","attr":{"message":"[1683009869:493467][29608:140713534039888], close_ckpt: [WT_VERB_CHECKPOINT_PROGRESS] saving checkpoint snapshot min: 37, snapshot max: 37 snapshot count: 0, oldest timestamp: (0, 0) , meta checkpoint timestamp: (0, 0) base write gen: 1"}}
2023-05-02T08:44:29.509+02:00  INFO 29596 --- [       Thread-2] d.f.e.m.s.autoconfigure.EmbeddedMongo    : {"t":{"$date":"2023-05-02T08:44:29.510+02:00"},"s":"I",  "c":"STORAGE",  "id":4795901, "ctx":"conn3","msg":"WiredTiger closed","attr":{"durationMillis":17}}
2023-05-02T08:44:29.510+02:00  INFO 29596 --- [       Thread-2] d.f.e.m.s.autoconfigure.EmbeddedMongo    : {"t":{"$date":"2023-05-02T08:44:29.510+02:00"},"s":"I",  "c":"STORAGE",  "id":22281,   "ctx":"conn3","msg":"shutdown: removing fs lock..."}
2023-05-02T08:44:29.510+02:00  INFO 29596 --- [       Thread-2] d.f.e.m.s.autoconfigure.EmbeddedMongo    : {"t":{"$date":"2023-05-02T08:44:29.510+02:00"},"s":"I",  "c":"-",        "id":4784931, "ctx":"conn3","msg":"Dropping the scope cache for shutdown"}
2023-05-02T08:44:29.510+02:00  INFO 29596 --- [       Thread-2] d.f.e.m.s.autoconfigure.EmbeddedMongo    : {"t":{"$date":"2023-05-02T08:44:29.510+02:00"},"s":"I",  "c":"FTDC",     "id":4784926, "ctx":"conn3","msg":"Shutting down full-time data capture"}
2023-05-02T08:44:29.510+02:00  INFO 29596 --- [       Thread-2] d.f.e.m.s.autoconfigure.EmbeddedMongo    : {"t":{"$date":"2023-05-02T08:44:29.510+02:00"},"s":"I",  "c":"FTDC",     "id":20626,   "ctx":"conn3","msg":"Shutting down full-time diagnostic data capture"}
2023-05-02T08:44:29.511+02:00  INFO 29596 --- [       Thread-2] d.f.e.m.s.autoconfigure.EmbeddedMongo    : {"t":{"$date":"2023-05-02T08:44:29.511+02:00"},"s":"I",  "c":"CONTROL",  "id":20565,   "ctx":"conn3","msg":"Now exiting"}
2023-05-02T08:44:29.511+02:00  INFO 29596 --- [       Thread-2] d.f.e.m.s.autoconfigure.EmbeddedMongo    : {"t":{"$date":"2023-05-02T08:44:29.511+02:00"},"s":"I",  "c":"CONTROL",  "id":23138,   "ctx":"conn3","msg":"Shutting down","attr":{"exitCode":0}}
2023-05-02T08:44:29.638+02:00  INFO 29596 --- [           main] .s.b.a.l.ConditionEvaluationReportLogger : 

Error starting ApplicationContext. To display the condition evaluation report re-run your application with 'debug' enabled.
2023-05-02T08:44:29.656+02:00 ERROR 29596 --- [           main] o.s.boot.SpringApplication               : Application run failed

org.springframework.beans.factory.UnsatisfiedDependencyException: Error creating bean with name 'bookController' defined in file [C:\Users\klein\java\Book-API\book-backend\target\classes\com\xin\bookbackend\controller\BookController.class]: Unsatisfied dependency expressed through constructor parameter 0: Error creating bean with name 'bookService': Injection of autowired dependencies failed
	at org.springframework.beans.factory.support.ConstructorResolver.createArgumentArray(ConstructorResolver.java:798) ~[spring-beans-6.0.6.jar:6.0.6]
	at org.springframework.beans.factory.support.ConstructorResolver.autowireConstructor(ConstructorResolver.java:245) ~[spring-beans-6.0.6.jar:6.0.6]
	at org.springframework.beans.factory.support.AbstractAutowireCapableBeanFactory.autowireConstructor(AbstractAutowireCapableBeanFactory.java:1344) ~[spring-beans-6.0.6.jar:6.0.6]
	at org.springframework.beans.factory.support.AbstractAutowireCapableBeanFactory.createBeanInstance(AbstractAutowireCapableBeanFactory.java:1188) ~[spring-beans-6.0.6.jar:6.0.6]
	at org.springframework.beans.factory.support.AbstractAutowireCapableBeanFactory.doCreateBean(AbstractAutowireCapableBeanFactory.java:561) ~[spring-beans-6.0.6.jar:6.0.6]
	at org.springframework.beans.factory.support.AbstractAutowireCapableBeanFactory.createBean(AbstractAutowireCapableBeanFactory.java:521) ~[spring-beans-6.0.6.jar:6.0.6]
	at org.springframework.beans.factory.support.AbstractBeanFactory.lambda$doGetBean$0(AbstractBeanFactory.java:326) ~[spring-beans-6.0.6.jar:6.0.6]
	at org.springframework.beans.factory.support.DefaultSingletonBeanRegistry.getSingleton(DefaultSingletonBeanRegistry.java:234) ~[spring-beans-6.0.6.jar:6.0.6]
	at org.springframework.beans.factory.support.AbstractBeanFactory.doGetBean(AbstractBeanFactory.java:324) ~[spring-beans-6.0.6.jar:6.0.6]
	at org.springframework.beans.factory.support.AbstractBeanFactory.getBean(AbstractBeanFactory.java:200) ~[spring-beans-6.0.6.jar:6.0.6]
	at org.springframework.beans.factory.support.DefaultListableBeanFactory.preInstantiateSingletons(DefaultListableBeanFactory.java:961) ~[spring-beans-6.0.6.jar:6.0.6]
	at org.springframework.context.support.AbstractApplicationContext.finishBeanFactoryInitialization(AbstractApplicationContext.java:917) ~[spring-context-6.0.6.jar:6.0.6]
	at org.springframework.context.support.AbstractApplicationContext.refresh(AbstractApplicationContext.java:584) ~[spring-context-6.0.6.jar:6.0.6]
	at org.springframework.boot.SpringApplication.refresh(SpringApplication.java:732) ~[spring-boot-3.0.4.jar:3.0.4]
	at org.springframework.boot.SpringApplication.refreshContext(SpringApplication.java:434) ~[spring-boot-3.0.4.jar:3.0.4]
	at org.springframework.boot.SpringApplication.run(SpringApplication.java:310) ~[spring-boot-3.0.4.jar:3.0.4]
	at org.springframework.boot.test.context.SpringBootContextLoader.lambda$loadContext$3(SpringBootContextLoader.java:137) ~[spring-boot-test-3.0.4.jar:3.0.4]
	at org.springframework.util.function.ThrowingSupplier.get(ThrowingSupplier.java:59) ~[spring-core-6.0.6.jar:6.0.6]
	at org.springframework.util.function.ThrowingSupplier.get(ThrowingSupplier.java:47) ~[spring-core-6.0.6.jar:6.0.6]
	at org.springframework.boot.SpringApplication.withHook(SpringApplication.java:1388) ~[spring-boot-3.0.4.jar:3.0.4]
	at org.springframework.boot.test.context.SpringBootContextLoader$ContextLoaderHook.run(SpringBootContextLoader.java:545) ~[spring-boot-test-3.0.4.jar:3.0.4]
	at org.springframework.boot.test.context.SpringBootContextLoader.loadContext(SpringBootContextLoader.java:137) ~[spring-boot-test-3.0.4.jar:3.0.4]
	at org.springframework.boot.test.context.SpringBootContextLoader.loadContext(SpringBootContextLoader.java:108) ~[spring-boot-test-3.0.4.jar:3.0.4]
	at org.springframework.test.context.cache.DefaultCacheAwareContextLoaderDelegate.loadContextInternal(DefaultCacheAwareContextLoaderDelegate.java:184) ~[spring-test-6.0.6.jar:6.0.6]
	at org.springframework.test.context.cache.DefaultCacheAwareContextLoaderDelegate.loadContext(DefaultCacheAwareContextLoaderDelegate.java:118) ~[spring-test-6.0.6.jar:6.0.6]
	at org.springframework.test.context.support.DefaultTestContext.getApplicationContext(DefaultTestContext.java:127) ~[spring-test-6.0.6.jar:6.0.6]
	at org.springframework.test.context.web.ServletTestExecutionListener.setUpRequestContextIfNecessary(ServletTestExecutionListener.java:191) ~[spring-test-6.0.6.jar:6.0.6]
	at org.springframework.test.context.web.ServletTestExecutionListener.prepareTestInstance(ServletTestExecutionListener.java:130) ~[spring-test-6.0.6.jar:6.0.6]
	at org.springframework.test.context.TestContextManager.prepareTestInstance(TestContextManager.java:241) ~[spring-test-6.0.6.jar:6.0.6]
	at org.springframework.test.context.junit.jupiter.SpringExtension.postProcessTestInstance(SpringExtension.java:138) ~[spring-test-6.0.6.jar:6.0.6]
	at org.junit.jupiter.engine.descriptor.ClassBasedTestDescriptor.lambda$invokeTestInstancePostProcessors$10(ClassBasedTestDescriptor.java:377) ~[junit-jupiter-engine-5.9.2.jar:5.9.2]
	at org.junit.jupiter.engine.descriptor.ClassBasedTestDescriptor.executeAndMaskThrowable(ClassBasedTestDescriptor.java:382) ~[junit-jupiter-engine-5.9.2.jar:5.9.2]
	at org.junit.jupiter.engine.descriptor.ClassBasedTestDescriptor.lambda$invokeTestInstancePostProcessors$11(ClassBasedTestDescriptor.java:377) ~[junit-jupiter-engine-5.9.2.jar:5.9.2]
	at java.base/java.util.stream.ReferencePipeline$3$1.accept(ReferencePipeline.java:197) ~[na:na]
	at java.base/java.util.stream.ReferencePipeline$2$1.accept(ReferencePipeline.java:179) ~[na:na]
	at java.base/java.util.ArrayList$ArrayListSpliterator.forEachRemaining(ArrayList.java:1625) ~[na:na]
	at java.base/java.util.stream.AbstractPipeline.copyInto(AbstractPipeline.java:509) ~[na:na]
	at java.base/java.util.stream.AbstractPipeline.wrapAndCopyInto(AbstractPipeline.java:499) ~[na:na]
	at java.base/java.util.stream.StreamSpliterators$WrappingSpliterator.forEachRemaining(StreamSpliterators.java:310) ~[na:na]
	at java.base/java.util.stream.Streams$ConcatSpliterator.forEachRemaining(Streams.java:735) ~[na:na]
	at java.base/java.util.stream.Streams$ConcatSpliterator.forEachRemaining(Streams.java:734) ~[na:na]
	at java.base/java.util.stream.ReferencePipeline$Head.forEach(ReferencePipeline.java:762) ~[na:na]
	at org.junit.jupiter.engine.descriptor.ClassBasedTestDescriptor.invokeTestInstancePostProcessors(ClassBasedTestDescriptor.java:376) ~[junit-jupiter-engine-5.9.2.jar:5.9.2]
	at org.junit.jupiter.engine.descriptor.ClassBasedTestDescriptor.lambda$instantiateAndPostProcessTestInstance$6(ClassBasedTestDescriptor.java:289) ~[junit-jupiter-engine-5.9.2.jar:5.9.2]
	at org.junit.platform.engine.support.hierarchical.ThrowableCollector.execute(ThrowableCollector.java:73) ~[junit-platform-engine-1.9.2.jar:1.9.2]
	at org.junit.jupiter.engine.descriptor.ClassBasedTestDescriptor.instantiateAndPostProcessTestInstance(ClassBasedTestDescriptor.java:288) ~[junit-jupiter-engine-5.9.2.jar:5.9.2]
	at org.junit.jupiter.engine.descriptor.ClassBasedTestDescriptor.lambda$testInstancesProvider$4(ClassBasedTestDescriptor.java:278) ~[junit-jupiter-engine-5.9.2.jar:5.9.2]
	at java.base/java.util.Optional.orElseGet(Optional.java:364) ~[na:na]
	at org.junit.jupiter.engine.descriptor.ClassBasedTestDescriptor.lambda$testInstancesProvider$5(ClassBasedTestDescriptor.java:277) ~[junit-jupiter-engine-5.9.2.jar:5.9.2]
	at org.junit.jupiter.engine.execution.TestInstancesProvider.getTestInstances(TestInstancesProvider.java:31) ~[junit-jupiter-engine-5.9.2.jar:5.9.2]
	at org.junit.jupiter.engine.descriptor.TestMethodTestDescriptor.lambda$prepare$0(TestMethodTestDescriptor.java:105) ~[junit-jupiter-engine-5.9.2.jar:5.9.2]
	at org.junit.platform.engine.support.hierarchical.ThrowableCollector.execute(ThrowableCollector.java:73) ~[junit-platform-engine-1.9.2.jar:1.9.2]
	at org.junit.jupiter.engine.descriptor.TestMethodTestDescriptor.prepare(TestMethodTestDescriptor.java:104) ~[junit-jupiter-engine-5.9.2.jar:5.9.2]
	at org.junit.jupiter.engine.descriptor.TestMethodTestDescriptor.prepare(TestMethodTestDescriptor.java:68) ~[junit-jupiter-engine-5.9.2.jar:5.9.2]
	at org.junit.platform.engine.support.hierarchical.NodeTestTask.lambda$prepare$2(NodeTestTask.java:123) ~[junit-platform-engine-1.9.2.jar:1.9.2]
	at org.junit.platform.engine.support.hierarchical.ThrowableCollector.execute(ThrowableCollector.java:73) ~[junit-platform-engine-1.9.2.jar:1.9.2]
	at org.junit.platform.engine.support.hierarchical.NodeTestTask.prepare(NodeTestTask.java:123) ~[junit-platform-engine-1.9.2.jar:1.9.2]
	at org.junit.platform.engine.support.hierarchical.NodeTestTask.execute(NodeTestTask.java:90) ~[junit-platform-engine-1.9.2.jar:1.9.2]
	at java.base/java.util.ArrayList.forEach(ArrayList.java:1511) ~[na:na]
	at org.junit.platform.engine.support.hierarchical.SameThreadHierarchicalTestExecutorService.invokeAll(SameThreadHierarchicalTestExecutorService.java:41) ~[junit-platform-engine-1.9.2.jar:1.9.2]
	at org.junit.platform.engine.support.hierarchical.NodeTestTask.lambda$executeRecursively$6(NodeTestTask.java:155) ~[junit-platform-engine-1.9.2.jar:1.9.2]
	at org.junit.platform.engine.support.hierarchical.ThrowableCollector.execute(ThrowableCollector.java:73) ~[junit-platform-engine-1.9.2.jar:1.9.2]
	at org.junit.platform.engine.support.hierarchical.NodeTestTask.lambda$executeRecursively$8(NodeTestTask.java:141) ~[junit-platform-engine-1.9.2.jar:1.9.2]
	at org.junit.platform.engine.support.hierarchical.Node.around(Node.java:137) ~[junit-platform-engine-1.9.2.jar:1.9.2]
	at org.junit.platform.engine.support.hierarchical.NodeTestTask.lambda$executeRecursively$9(NodeTestTask.java:139) ~[junit-platform-engine-1.9.2.jar:1.9.2]
	at org.junit.platform.engine.support.hierarchical.ThrowableCollector.execute(ThrowableCollector.java:73) ~[junit-platform-engine-1.9.2.jar:1.9.2]
	at org.junit.platform.engine.support.hierarchical.NodeTestTask.executeRecursively(NodeTestTask.java:138) ~[junit-platform-engine-1.9.2.jar:1.9.2]
	at org.junit.platform.engine.support.hierarchical.NodeTestTask.execute(NodeTestTask.java:95) ~[junit-platform-engine-1.9.2.jar:1.9.2]
	at java.base/java.util.ArrayList.forEach(ArrayList.java:1511) ~[na:na]
	at org.junit.platform.engine.support.hierarchical.SameThreadHierarchicalTestExecutorService.invokeAll(SameThreadHierarchicalTestExecutorService.java:41) ~[junit-platform-engine-1.9.2.jar:1.9.2]
	at org.junit.platform.engine.support.hierarchical.NodeTestTask.lambda$executeRecursively$6(NodeTestTask.java:155) ~[junit-platform-engine-1.9.2.jar:1.9.2]
	at org.junit.platform.engine.support.hierarchical.ThrowableCollector.execute(ThrowableCollector.java:73) ~[junit-platform-engine-1.9.2.jar:1.9.2]
	at org.junit.platform.engine.support.hierarchical.NodeTestTask.lambda$executeRecursively$8(NodeTestTask.java:141) ~[junit-platform-engine-1.9.2.jar:1.9.2]
	at org.junit.platform.engine.support.hierarchical.Node.around(Node.java:137) ~[junit-platform-engine-1.9.2.jar:1.9.2]
	at org.junit.platform.engine.support.hierarchical.NodeTestTask.lambda$executeRecursively$9(NodeTestTask.java:139) ~[junit-platform-engine-1.9.2.jar:1.9.2]
	at org.junit.platform.engine.support.hierarchical.ThrowableCollector.execute(ThrowableCollector.java:73) ~[junit-platform-engine-1.9.2.jar:1.9.2]
	at org.junit.platform.engine.support.hierarchical.NodeTestTask.executeRecursively(NodeTestTask.java:138) ~[junit-platform-engine-1.9.2.jar:1.9.2]
	at org.junit.platform.engine.support.hierarchical.NodeTestTask.execute(NodeTestTask.java:95) ~[junit-platform-engine-1.9.2.jar:1.9.2]
	at org.junit.platform.engine.support.hierarchical.SameThreadHierarchicalTestExecutorService.submit(SameThreadHierarchicalTestExecutorService.java:35) ~[junit-platform-engine-1.9.2.jar:1.9.2]
	at org.junit.platform.engine.support.hierarchical.HierarchicalTestExecutor.execute(HierarchicalTestExecutor.java:57) ~[junit-platform-engine-1.9.2.jar:1.9.2]
	at org.junit.platform.engine.support.hierarchical.HierarchicalTestEngine.execute(HierarchicalTestEngine.java:54) ~[junit-platform-engine-1.9.2.jar:1.9.2]
	at org.junit.platform.launcher.core.DefaultLauncher.execute(DefaultLauncher.java:220) ~[junit-platform-launcher-1.3.1.jar:1.3.1]
	at org.junit.platform.launcher.core.DefaultLauncher.lambda$execute$6(DefaultLauncher.java:188) ~[junit-platform-launcher-1.3.1.jar:1.3.1]
	at org.junit.platform.launcher.core.DefaultLauncher.withInterceptedStreams(DefaultLauncher.java:202) ~[junit-platform-launcher-1.3.1.jar:1.3.1]
	at org.junit.platform.launcher.core.DefaultLauncher.execute(DefaultLauncher.java:181) ~[junit-platform-launcher-1.3.1.jar:1.3.1]
	at org.junit.platform.launcher.core.DefaultLauncher.execute(DefaultLauncher.java:128) ~[junit-platform-launcher-1.3.1.jar:1.3.1]
	at org.apache.maven.surefire.junitplatform.JUnitPlatformProvider.invokeAllTests(JUnitPlatformProvider.java:150) ~[surefire-junit-platform-2.22.2.jar:2.22.2]
	at org.apache.maven.surefire.junitplatform.JUnitPlatformProvider.invoke(JUnitPlatformProvider.java:124) ~[surefire-junit-platform-2.22.2.jar:2.22.2]
	at org.apache.maven.surefire.booter.ForkedBooter.invokeProviderInSameClassLoader(ForkedBooter.java:384) ~[surefire-booter-2.22.2.jar:2.22.2]
	at org.apache.maven.surefire.booter.ForkedBooter.runSuitesInProcess(ForkedBooter.java:345) ~[surefire-booter-2.22.2.jar:2.22.2]
	at org.apache.maven.surefire.booter.ForkedBooter.execute(ForkedBooter.java:126) ~[surefire-booter-2.22.2.jar:2.22.2]
	at org.apache.maven.surefire.booter.ForkedBooter.main(ForkedBooter.java:418) ~[surefire-booter-2.22.2.jar:2.22.2]
Caused by: org.springframework.beans.factory.BeanCreationException: Error creating bean with name 'bookService': Injection of autowired dependencies failed
	at org.springframework.beans.factory.annotation.AutowiredAnnotationBeanPostProcessor.postProcessProperties(AutowiredAnnotationBeanPostProcessor.java:487) ~[spring-beans-6.0.6.jar:6.0.6]
	at org.springframework.beans.factory.support.AbstractAutowireCapableBeanFactory.populateBean(AbstractAutowireCapableBeanFactory.java:1408) ~[spring-beans-6.0.6.jar:6.0.6]
	at org.springframework.beans.factory.support.AbstractAutowireCapableBeanFactory.doCreateBean(AbstractAutowireCapableBeanFactory.java:598) ~[spring-beans-6.0.6.jar:6.0.6]
	at org.springframework.beans.factory.support.AbstractAutowireCapableBeanFactory.createBean(AbstractAutowireCapableBeanFactory.java:521) ~[spring-beans-6.0.6.jar:6.0.6]
	at org.springframework.beans.factory.support.AbstractBeanFactory.lambda$doGetBean$0(AbstractBeanFactory.java:326) ~[spring-beans-6.0.6.jar:6.0.6]
	at org.springframework.beans.factory.support.DefaultSingletonBeanRegistry.getSingleton(DefaultSingletonBeanRegistry.java:234) ~[spring-beans-6.0.6.jar:6.0.6]
	at org.springframework.beans.factory.support.AbstractBeanFactory.doGetBean(AbstractBeanFactory.java:324) ~[spring-beans-6.0.6.jar:6.0.6]
	at org.springframework.beans.factory.support.AbstractBeanFactory.getBean(AbstractBeanFactory.java:200) ~[spring-beans-6.0.6.jar:6.0.6]
	at org.springframework.beans.factory.config.DependencyDescriptor.resolveCandidate(DependencyDescriptor.java:254) ~[spring-beans-6.0.6.jar:6.0.6]
	at org.springframework.beans.factory.support.DefaultListableBeanFactory.doResolveDependency(DefaultListableBeanFactory.java:1405) ~[spring-beans-6.0.6.jar:6.0.6]
	at org.springframework.beans.factory.support.DefaultListableBeanFactory.resolveDependency(DefaultListableBeanFactory.java:1325) ~[spring-beans-6.0.6.jar:6.0.6]
	at org.springframework.beans.factory.support.ConstructorResolver.resolveAutowiredArgument(ConstructorResolver.java:885) ~[spring-beans-6.0.6.jar:6.0.6]
	at org.springframework.beans.factory.support.ConstructorResolver.createArgumentArray(ConstructorResolver.java:789) ~[spring-beans-6.0.6.jar:6.0.6]
	... 91 common frames omitted
Caused by: java.lang.IllegalArgumentException: Could not resolve placeholder 'google.api.key' in value "${google.api.key}"
	at org.springframework.util.PropertyPlaceholderHelper.parseStringValue(PropertyPlaceholderHelper.java:180) ~[spring-core-6.0.6.jar:6.0.6]
	at org.springframework.util.PropertyPlaceholderHelper.replacePlaceholders(PropertyPlaceholderHelper.java:126) ~[spring-core-6.0.6.jar:6.0.6]
	at org.springframework.core.env.AbstractPropertyResolver.doResolvePlaceholders(AbstractPropertyResolver.java:239) ~[spring-core-6.0.6.jar:6.0.6]
	at org.springframework.core.env.AbstractPropertyResolver.resolveRequiredPlaceholders(AbstractPropertyResolver.java:210) ~[spring-core-6.0.6.jar:6.0.6]
	at org.springframework.context.support.PropertySourcesPlaceholderConfigurer.lambda$processProperties$0(PropertySourcesPlaceholderConfigurer.java:191) ~[spring-context-6.0.6.jar:6.0.6]
	at org.springframework.beans.factory.support.AbstractBeanFactory.resolveEmbeddedValue(AbstractBeanFactory.java:920) ~[spring-beans-6.0.6.jar:6.0.6]
	at org.springframework.beans.factory.support.DefaultListableBeanFactory.doResolveDependency(DefaultListableBeanFactory.java:1346) ~[spring-beans-6.0.6.jar:6.0.6]
	at org.springframework.beans.factory.support.DefaultListableBeanFactory.resolveDependency(DefaultListableBeanFactory.java:1325) ~[spring-beans-6.0.6.jar:6.0.6]
	at org.springframework.beans.factory.annotation.AutowiredAnnotationBeanPostProcessor$AutowiredFieldElement.resolveFieldValue(AutowiredAnnotationBeanPostProcessor.java:709) ~[spring-beans-6.0.6.jar:6.0.6]
	at org.springframework.beans.factory.annotation.AutowiredAnnotationBeanPostProcessor$AutowiredFieldElement.inject(AutowiredAnnotationBeanPostProcessor.java:692) ~[spring-beans-6.0.6.jar:6.0.6]
	at org.springframework.beans.factory.annotation.InjectionMetadata.inject(InjectionMetadata.java:133) ~[spring-beans-6.0.6.jar:6.0.6]
	at org.springframework.beans.factory.annotation.AutowiredAnnotationBeanPostProcessor.postProcessProperties(AutowiredAnnotationBeanPostProcessor.java:481) ~[spring-beans-6.0.6.jar:6.0.6]
	... 103 common frames omitted

2023-05-02T08:44:29.665+02:00 ERROR 29596 --- [           main] o.s.test.context.TestContextManager      : Caught exception while allowing TestExecutionListener [org.springframework.test.context.web.ServletTestExecutionListener] to prepare test instance [com.xin.bookbackend.BookBackendApplicationTests@3f2731e5]

java.lang.IllegalStateException: Failed to load ApplicationContext for [WebMergedContextConfiguration@4cef1ea6 testClass = com.xin.bookbackend.BookBackendApplicationTests, locations = [], classes = [com.xin.bookbackend.BookBackendApplication], contextInitializerClasses = [], activeProfiles = [], propertySourceLocations = [], propertySourceProperties = ["org.springframework.boot.test.context.SpringBootTestContextBootstrapper=true"], contextCustomizers = [org.springframework.boot.test.context.filter.ExcludeFilterContextCustomizer@159e366, org.springframework.boot.test.json.DuplicateJsonObjectContextCustomizerFactory$DuplicateJsonObjectContextCustomizer@2e27d72f, org.springframework.boot.test.mock.mockito.MockitoContextCustomizer@0, org.springframework.boot.test.web.client.TestRestTemplateContextCustomizer@5a6d5a8f, org.springframework.boot.test.web.reactive.server.WebTestClientContextCustomizer@44ea608c, org.springframework.boot.test.autoconfigure.actuate.observability.ObservabilityContextCustomizerFactory$DisableObservabilityContextCustomizer@9da1, org.springframework.boot.test.autoconfigure.properties.PropertyMappingContextCustomizer@0, org.springframework.boot.test.autoconfigure.web.servlet.WebDriverContextCustomizerFactory$Customizer@3773862a, org.springframework.boot.test.context.SpringBootTestAnnotation@24629540], resourceBasePath = "src/main/webapp", contextLoader = org.springframework.boot.test.context.SpringBootContextLoader, parent = null]
	at org.springframework.test.context.cache.DefaultCacheAwareContextLoaderDelegate.loadContext(DefaultCacheAwareContextLoaderDelegate.java:142) ~[spring-test-6.0.6.jar:6.0.6]
	at org.springframework.test.context.support.DefaultTestContext.getApplicationContext(DefaultTestContext.java:127) ~[spring-test-6.0.6.jar:6.0.6]
	at org.springframework.test.context.web.ServletTestExecutionListener.setUpRequestContextIfNecessary(ServletTestExecutionListener.java:191) ~[spring-test-6.0.6.jar:6.0.6]
	at org.springframework.test.context.web.ServletTestExecutionListener.prepareTestInstance(ServletTestExecutionListener.java:130) ~[spring-test-6.0.6.jar:6.0.6]
	at org.springframework.test.context.TestContextManager.prepareTestInstance(TestContextManager.java:241) ~[spring-test-6.0.6.jar:6.0.6]
	at org.springframework.test.context.junit.jupiter.SpringExtension.postProcessTestInstance(SpringExtension.java:138) ~[spring-test-6.0.6.jar:6.0.6]
	at org.junit.jupiter.engine.descriptor.ClassBasedTestDescriptor.lambda$invokeTestInstancePostProcessors$10(ClassBasedTestDescriptor.java:377) ~[junit-jupiter-engine-5.9.2.jar:5.9.2]
	at org.junit.jupiter.engine.descriptor.ClassBasedTestDescriptor.executeAndMaskThrowable(ClassBasedTestDescriptor.java:382) ~[junit-jupiter-engine-5.9.2.jar:5.9.2]
	at org.junit.jupiter.engine.descriptor.ClassBasedTestDescriptor.lambda$invokeTestInstancePostProcessors$11(ClassBasedTestDescriptor.java:377) ~[junit-jupiter-engine-5.9.2.jar:5.9.2]
	at java.base/java.util.stream.ReferencePipeline$3$1.accept(ReferencePipeline.java:197) ~[na:na]
	at java.base/java.util.stream.ReferencePipeline$2$1.accept(ReferencePipeline.java:179) ~[na:na]
	at java.base/java.util.ArrayList$ArrayListSpliterator.forEachRemaining(ArrayList.java:1625) ~[na:na]
	at java.base/java.util.stream.AbstractPipeline.copyInto(AbstractPipeline.java:509) ~[na:na]
	at java.base/java.util.stream.AbstractPipeline.wrapAndCopyInto(AbstractPipeline.java:499) ~[na:na]
	at java.base/java.util.stream.StreamSpliterators$WrappingSpliterator.forEachRemaining(StreamSpliterators.java:310) ~[na:na]
	at java.base/java.util.stream.Streams$ConcatSpliterator.forEachRemaining(Streams.java:735) ~[na:na]
	at java.base/java.util.stream.Streams$ConcatSpliterator.forEachRemaining(Streams.java:734) ~[na:na]
	at java.base/java.util.stream.ReferencePipeline$Head.forEach(ReferencePipeline.java:762) ~[na:na]
	at org.junit.jupiter.engine.descriptor.ClassBasedTestDescriptor.invokeTestInstancePostProcessors(ClassBasedTestDescriptor.java:376) ~[junit-jupiter-engine-5.9.2.jar:5.9.2]
	at org.junit.jupiter.engine.descriptor.ClassBasedTestDescriptor.lambda$instantiateAndPostProcessTestInstance$6(ClassBasedTestDescriptor.java:289) ~[junit-jupiter-engine-5.9.2.jar:5.9.2]
	at org.junit.platform.engine.support.hierarchical.ThrowableCollector.execute(ThrowableCollector.java:73) ~[junit-platform-engine-1.9.2.jar:1.9.2]
	at org.junit.jupiter.engine.descriptor.ClassBasedTestDescriptor.instantiateAndPostProcessTestInstance(ClassBasedTestDescriptor.java:288) ~[junit-jupiter-engine-5.9.2.jar:5.9.2]
	at org.junit.jupiter.engine.descriptor.ClassBasedTestDescriptor.lambda$testInstancesProvider$4(ClassBasedTestDescriptor.java:278) ~[junit-jupiter-engine-5.9.2.jar:5.9.2]
	at java.base/java.util.Optional.orElseGet(Optional.java:364) ~[na:na]
	at org.junit.jupiter.engine.descriptor.ClassBasedTestDescriptor.lambda$testInstancesProvider$5(ClassBasedTestDescriptor.java:277) ~[junit-jupiter-engine-5.9.2.jar:5.9.2]
	at org.junit.jupiter.engine.execution.TestInstancesProvider.getTestInstances(TestInstancesProvider.java:31) ~[junit-jupiter-engine-5.9.2.jar:5.9.2]
	at org.junit.jupiter.engine.descriptor.TestMethodTestDescriptor.lambda$prepare$0(TestMethodTestDescriptor.java:105) ~[junit-jupiter-engine-5.9.2.jar:5.9.2]
	at org.junit.platform.engine.support.hierarchical.ThrowableCollector.execute(ThrowableCollector.java:73) ~[junit-platform-engine-1.9.2.jar:1.9.2]
	at org.junit.jupiter.engine.descriptor.TestMethodTestDescriptor.prepare(TestMethodTestDescriptor.java:104) ~[junit-jupiter-engine-5.9.2.jar:5.9.2]
	at org.junit.jupiter.engine.descriptor.TestMethodTestDescriptor.prepare(TestMethodTestDescriptor.java:68) ~[junit-jupiter-engine-5.9.2.jar:5.9.2]
	at org.junit.platform.engine.support.hierarchical.NodeTestTask.lambda$prepare$2(NodeTestTask.java:123) ~[junit-platform-engine-1.9.2.jar:1.9.2]
	at org.junit.platform.engine.support.hierarchical.ThrowableCollector.execute(ThrowableCollector.java:73) ~[junit-platform-engine-1.9.2.jar:1.9.2]
	at org.junit.platform.engine.support.hierarchical.NodeTestTask.prepare(NodeTestTask.java:123) ~[junit-platform-engine-1.9.2.jar:1.9.2]
	at org.junit.platform.engine.support.hierarchical.NodeTestTask.execute(NodeTestTask.java:90) ~[junit-platform-engine-1.9.2.jar:1.9.2]
	at java.base/java.util.ArrayList.forEach(ArrayList.java:1511) ~[na:na]
	at org.junit.platform.engine.support.hierarchical.SameThreadHierarchicalTestExecutorService.invokeAll(SameThreadHierarchicalTestExecutorService.java:41) ~[junit-platform-engine-1.9.2.jar:1.9.2]
	at org.junit.platform.engine.support.hierarchical.NodeTestTask.lambda$executeRecursively$6(NodeTestTask.java:155) ~[junit-platform-engine-1.9.2.jar:1.9.2]
	at org.junit.platform.engine.support.hierarchical.ThrowableCollector.execute(ThrowableCollector.java:73) ~[junit-platform-engine-1.9.2.jar:1.9.2]
	at org.junit.platform.engine.support.hierarchical.NodeTestTask.lambda$executeRecursively$8(NodeTestTask.java:141) ~[junit-platform-engine-1.9.2.jar:1.9.2]
	at org.junit.platform.engine.support.hierarchical.Node.around(Node.java:137) ~[junit-platform-engine-1.9.2.jar:1.9.2]
	at org.junit.platform.engine.support.hierarchical.NodeTestTask.lambda$executeRecursively$9(NodeTestTask.java:139) ~[junit-platform-engine-1.9.2.jar:1.9.2]
	at org.junit.platform.engine.support.hierarchical.ThrowableCollector.execute(ThrowableCollector.java:73) ~[junit-platform-engine-1.9.2.jar:1.9.2]
	at org.junit.platform.engine.support.hierarchical.NodeTestTask.executeRecursively(NodeTestTask.java:138) ~[junit-platform-engine-1.9.2.jar:1.9.2]
	at org.junit.platform.engine.support.hierarchical.NodeTestTask.execute(NodeTestTask.java:95) ~[junit-platform-engine-1.9.2.jar:1.9.2]
	at java.base/java.util.ArrayList.forEach(ArrayList.java:1511) ~[na:na]
	at org.junit.platform.engine.support.hierarchical.SameThreadHierarchicalTestExecutorService.invokeAll(SameThreadHierarchicalTestExecutorService.java:41) ~[junit-platform-engine-1.9.2.jar:1.9.2]
	at org.junit.platform.engine.support.hierarchical.NodeTestTask.lambda$executeRecursively$6(NodeTestTask.java:155) ~[junit-platform-engine-1.9.2.jar:1.9.2]
	at org.junit.platform.engine.support.hierarchical.ThrowableCollector.execute(ThrowableCollector.java:73) ~[junit-platform-engine-1.9.2.jar:1.9.2]
	at org.junit.platform.engine.support.hierarchical.NodeTestTask.lambda$executeRecursively$8(NodeTestTask.java:141) ~[junit-platform-engine-1.9.2.jar:1.9.2]
	at org.junit.platform.engine.support.hierarchical.Node.around(Node.java:137) ~[junit-platform-engine-1.9.2.jar:1.9.2]
	at org.junit.platform.engine.support.hierarchical.NodeTestTask.lambda$executeRecursively$9(NodeTestTask.java:139) ~[junit-platform-engine-1.9.2.jar:1.9.2]
	at org.junit.platform.engine.support.hierarchical.ThrowableCollector.execute(ThrowableCollector.java:73) ~[junit-platform-engine-1.9.2.jar:1.9.2]
	at org.junit.platform.engine.support.hierarchical.NodeTestTask.executeRecursively(NodeTestTask.java:138) ~[junit-platform-engine-1.9.2.jar:1.9.2]
	at org.junit.platform.engine.support.hierarchical.NodeTestTask.execute(NodeTestTask.java:95) ~[junit-platform-engine-1.9.2.jar:1.9.2]
	at org.junit.platform.engine.support.hierarchical.SameThreadHierarchicalTestExecutorService.submit(SameThreadHierarchicalTestExecutorService.java:35) ~[junit-platform-engine-1.9.2.jar:1.9.2]
	at org.junit.platform.engine.support.hierarchical.HierarchicalTestExecutor.execute(HierarchicalTestExecutor.java:57) ~[junit-platform-engine-1.9.2.jar:1.9.2]
	at org.junit.platform.engine.support.hierarchical.HierarchicalTestEngine.execute(HierarchicalTestEngine.java:54) ~[junit-platform-engine-1.9.2.jar:1.9.2]
	at org.junit.platform.launcher.core.DefaultLauncher.execute(DefaultLauncher.java:220) ~[junit-platform-launcher-1.3.1.jar:1.3.1]
	at org.junit.platform.launcher.core.DefaultLauncher.lambda$execute$6(DefaultLauncher.java:188) ~[junit-platform-launcher-1.3.1.jar:1.3.1]
	at org.junit.platform.launcher.core.DefaultLauncher.withInterceptedStreams(DefaultLauncher.java:202) ~[junit-platform-launcher-1.3.1.jar:1.3.1]
	at org.junit.platform.launcher.core.DefaultLauncher.execute(DefaultLauncher.java:181) ~[junit-platform-launcher-1.3.1.jar:1.3.1]
	at org.junit.platform.launcher.core.DefaultLauncher.execute(DefaultLauncher.java:128) ~[junit-platform-launcher-1.3.1.jar:1.3.1]
	at org.apache.maven.surefire.junitplatform.JUnitPlatformProvider.invokeAllTests(JUnitPlatformProvider.java:150) ~[surefire-junit-platform-2.22.2.jar:2.22.2]
	at org.apache.maven.surefire.junitplatform.JUnitPlatformProvider.invoke(JUnitPlatformProvider.java:124) ~[surefire-junit-platform-2.22.2.jar:2.22.2]
	at org.apache.maven.surefire.booter.ForkedBooter.invokeProviderInSameClassLoader(ForkedBooter.java:384) ~[surefire-booter-2.22.2.jar:2.22.2]
	at org.apache.maven.surefire.booter.ForkedBooter.runSuitesInProcess(ForkedBooter.java:345) ~[surefire-booter-2.22.2.jar:2.22.2]
	at org.apache.maven.surefire.booter.ForkedBooter.execute(ForkedBooter.java:126) ~[surefire-booter-2.22.2.jar:2.22.2]
	at org.apache.maven.surefire.booter.ForkedBooter.main(ForkedBooter.java:418) ~[surefire-booter-2.22.2.jar:2.22.2]
Caused by: org.springframework.beans.factory.UnsatisfiedDependencyException: Error creating bean with name 'bookController' defined in file [C:\Users\klein\java\Book-API\book-backend\target\classes\com\xin\bookbackend\controller\BookController.class]: Unsatisfied dependency expressed through constructor parameter 0: Error creating bean with name 'bookService': Injection of autowired dependencies failed
	at org.springframework.beans.factory.support.ConstructorResolver.createArgumentArray(ConstructorResolver.java:798) ~[spring-beans-6.0.6.jar:6.0.6]
	at org.springframework.beans.factory.support.ConstructorResolver.autowireConstructor(ConstructorResolver.java:245) ~[spring-beans-6.0.6.jar:6.0.6]
	at org.springframework.beans.factory.support.AbstractAutowireCapableBeanFactory.autowireConstructor(AbstractAutowireCapableBeanFactory.java:1344) ~[spring-beans-6.0.6.jar:6.0.6]
	at org.springframework.beans.factory.support.AbstractAutowireCapableBeanFactory.createBeanInstance(AbstractAutowireCapableBeanFactory.java:1188) ~[spring-beans-6.0.6.jar:6.0.6]
	at org.springframework.beans.factory.support.AbstractAutowireCapableBeanFactory.doCreateBean(AbstractAutowireCapableBeanFactory.java:561) ~[spring-beans-6.0.6.jar:6.0.6]
	at org.springframework.beans.factory.support.AbstractAutowireCapableBeanFactory.createBean(AbstractAutowireCapableBeanFactory.java:521) ~[spring-beans-6.0.6.jar:6.0.6]
	at org.springframework.beans.factory.support.AbstractBeanFactory.lambda$doGetBean$0(AbstractBeanFactory.java:326) ~[spring-beans-6.0.6.jar:6.0.6]
	at org.springframework.beans.factory.support.DefaultSingletonBeanRegistry.getSingleton(DefaultSingletonBeanRegistry.java:234) ~[spring-beans-6.0.6.jar:6.0.6]
	at org.springframework.beans.factory.support.AbstractBeanFactory.doGetBean(AbstractBeanFactory.java:324) ~[spring-beans-6.0.6.jar:6.0.6]
	at org.springframework.beans.factory.support.AbstractBeanFactory.getBean(AbstractBeanFactory.java:200) ~[spring-beans-6.0.6.jar:6.0.6]
	at org.springframework.beans.factory.support.DefaultListableBeanFactory.preInstantiateSingletons(DefaultListableBeanFactory.java:961) ~[spring-beans-6.0.6.jar:6.0.6]
	at org.springframework.context.support.AbstractApplicationContext.finishBeanFactoryInitialization(AbstractApplicationContext.java:917) ~[spring-context-6.0.6.jar:6.0.6]
	at org.springframework.context.support.AbstractApplicationContext.refresh(AbstractApplicationContext.java:584) ~[spring-context-6.0.6.jar:6.0.6]
	at org.springframework.boot.SpringApplication.refresh(SpringApplication.java:732) ~[spring-boot-3.0.4.jar:3.0.4]
	at org.springframework.boot.SpringApplication.refreshContext(SpringApplication.java:434) ~[spring-boot-3.0.4.jar:3.0.4]
	at org.springframework.boot.SpringApplication.run(SpringApplication.java:310) ~[spring-boot-3.0.4.jar:3.0.4]
	at org.springframework.boot.test.context.SpringBootContextLoader.lambda$loadContext$3(SpringBootContextLoader.java:137) ~[spring-boot-test-3.0.4.jar:3.0.4]
	at org.springframework.util.function.ThrowingSupplier.get(ThrowingSupplier.java:59) ~[spring-core-6.0.6.jar:6.0.6]
	at org.springframework.util.function.ThrowingSupplier.get(ThrowingSupplier.java:47) ~[spring-core-6.0.6.jar:6.0.6]
	at org.springframework.boot.SpringApplication.withHook(SpringApplication.java:1388) ~[spring-boot-3.0.4.jar:3.0.4]
	at org.springframework.boot.test.context.SpringBootContextLoader$ContextLoaderHook.run(SpringBootContextLoader.java:545) ~[spring-boot-test-3.0.4.jar:3.0.4]
	at org.springframework.boot.test.context.SpringBootContextLoader.loadContext(SpringBootContextLoader.java:137) ~[spring-boot-test-3.0.4.jar:3.0.4]
	at org.springframework.boot.test.context.SpringBootContextLoader.loadContext(SpringBootContextLoader.java:108) ~[spring-boot-test-3.0.4.jar:3.0.4]
	at org.springframework.test.context.cache.DefaultCacheAwareContextLoaderDelegate.loadContextInternal(DefaultCacheAwareContextLoaderDelegate.java:184) ~[spring-test-6.0.6.jar:6.0.6]
	at org.springframework.test.context.cache.DefaultCacheAwareContextLoaderDelegate.loadContext(DefaultCacheAwareContextLoaderDelegate.java:118) ~[spring-test-6.0.6.jar:6.0.6]
	... 67 common frames omitted
Caused by: org.springframework.beans.factory.BeanCreationException: Error creating bean with name 'bookService': Injection of autowired dependencies failed
	at org.springframework.beans.factory.annotation.AutowiredAnnotationBeanPostProcessor.postProcessProperties(AutowiredAnnotationBeanPostProcessor.java:487) ~[spring-beans-6.0.6.jar:6.0.6]
	at org.springframework.beans.factory.support.AbstractAutowireCapableBeanFactory.populateBean(AbstractAutowireCapableBeanFactory.java:1408) ~[spring-beans-6.0.6.jar:6.0.6]
	at org.springframework.beans.factory.support.AbstractAutowireCapableBeanFactory.doCreateBean(AbstractAutowireCapableBeanFactory.java:598) ~[spring-beans-6.0.6.jar:6.0.6]
	at org.springframework.beans.factory.support.AbstractAutowireCapableBeanFactory.createBean(AbstractAutowireCapableBeanFactory.java:521) ~[spring-beans-6.0.6.jar:6.0.6]
	at org.springframework.beans.factory.support.AbstractBeanFactory.lambda$doGetBean$0(AbstractBeanFactory.java:326) ~[spring-beans-6.0.6.jar:6.0.6]
	at org.springframework.beans.factory.support.DefaultSingletonBeanRegistry.getSingleton(DefaultSingletonBeanRegistry.java:234) ~[spring-beans-6.0.6.jar:6.0.6]
	at org.springframework.beans.factory.support.AbstractBeanFactory.doGetBean(AbstractBeanFactory.java:324) ~[spring-beans-6.0.6.jar:6.0.6]
	at org.springframework.beans.factory.support.AbstractBeanFactory.getBean(AbstractBeanFactory.java:200) ~[spring-beans-6.0.6.jar:6.0.6]
	at org.springframework.beans.factory.config.DependencyDescriptor.resolveCandidate(DependencyDescriptor.java:254) ~[spring-beans-6.0.6.jar:6.0.6]
	at org.springframework.beans.factory.support.DefaultListableBeanFactory.doResolveDependency(DefaultListableBeanFactory.java:1405) ~[spring-beans-6.0.6.jar:6.0.6]
	at org.springframework.beans.factory.support.DefaultListableBeanFactory.resolveDependency(DefaultListableBeanFactory.java:1325) ~[spring-beans-6.0.6.jar:6.0.6]
	at org.springframework.beans.factory.support.ConstructorResolver.resolveAutowiredArgument(ConstructorResolver.java:885) ~[spring-beans-6.0.6.jar:6.0.6]
	at org.springframework.beans.factory.support.ConstructorResolver.createArgumentArray(ConstructorResolver.java:789) ~[spring-beans-6.0.6.jar:6.0.6]
	... 91 common frames omitted
Caused by: java.lang.IllegalArgumentException: Could not resolve placeholder 'google.api.key' in value "${google.api.key}"
	at org.springframework.util.PropertyPlaceholderHelper.parseStringValue(PropertyPlaceholderHelper.java:180) ~[spring-core-6.0.6.jar:6.0.6]
	at org.springframework.util.PropertyPlaceholderHelper.replacePlaceholders(PropertyPlaceholderHelper.java:126) ~[spring-core-6.0.6.jar:6.0.6]
	at org.springframework.core.env.AbstractPropertyResolver.doResolvePlaceholders(AbstractPropertyResolver.java:239) ~[spring-core-6.0.6.jar:6.0.6]
	at org.springframework.core.env.AbstractPropertyResolver.resolveRequiredPlaceholders(AbstractPropertyResolver.java:210) ~[spring-core-6.0.6.jar:6.0.6]
	at org.springframework.context.support.PropertySourcesPlaceholderConfigurer.lambda$processProperties$0(PropertySourcesPlaceholderConfigurer.java:191) ~[spring-context-6.0.6.jar:6.0.6]
	at org.springframework.beans.factory.support.AbstractBeanFactory.resolveEmbeddedValue(AbstractBeanFactory.java:920) ~[spring-beans-6.0.6.jar:6.0.6]
	at org.springframework.beans.factory.support.DefaultListableBeanFactory.doResolveDependency(DefaultListableBeanFactory.java:1346) ~[spring-beans-6.0.6.jar:6.0.6]
	at org.springframework.beans.factory.support.DefaultListableBeanFactory.resolveDependency(DefaultListableBeanFactory.java:1325) ~[spring-beans-6.0.6.jar:6.0.6]
	at org.springframework.beans.factory.annotation.AutowiredAnnotationBeanPostProcessor$AutowiredFieldElement.resolveFieldValue(AutowiredAnnotationBeanPostProcessor.java:709) ~[spring-beans-6.0.6.jar:6.0.6]
	at org.springframework.beans.factory.annotation.AutowiredAnnotationBeanPostProcessor$AutowiredFieldElement.inject(AutowiredAnnotationBeanPostProcessor.java:692) ~[spring-beans-6.0.6.jar:6.0.6]
	at org.springframework.beans.factory.annotation.InjectionMetadata.inject(InjectionMetadata.java:133) ~[spring-beans-6.0.6.jar:6.0.6]
	at org.springframework.beans.factory.annotation.AutowiredAnnotationBeanPostProcessor.postProcessProperties(AutowiredAnnotationBeanPostProcessor.java:481) ~[spring-beans-6.0.6.jar:6.0.6]
	... 103 common frames omitted

]]></system-out>
    <system-err><![CDATA[


============================
CONDITIONS EVALUATION REPORT
============================


Positive matches:
-----------------

    None


Negative matches:
-----------------

    None


Exclusions:
-----------

    None


Unconditional classes:
----------------------

    None



]]></system-err>
  </testcase>
</testsuite>