<?xml version="1.0" encoding="UTF-8"?>
<testsuite xmlns:xsi="http://www.w3.org/2001/XMLSchema-instance" xsi:noNamespaceSchemaLocation="https://maven.apache.org/surefire/maven-surefire-plugin/xsd/surefire-test-report.xsd" name="com.xin.bookbackend.controller.BookControllerTest" time="13.38" tests="8" errors="0" skipped="0" failures="0">
  <properties>
[...]
</properties>
  <testcase name="updateBookById" classname="com.xin.bookbackend.controller.BookControllerTest" time="0.371"/>
  <testcase name="addBook" classname="com.xin.bookbackend.controller.BookControllerTest" time="0.181"/>
  <testcase name="search" classname="com.xin.bookbackend.controller.BookControllerTest" time="3.8"/>
  <testcase name="getAllBooks" classname="com.xin.bookbackend.controller.BookControllerTest" time="0.242"/>
  <testcase name="getBookById" classname="com.xin.bookbackend.controller.BookControllerTest" time="0.178"/>
  <testcase name="deleteBookById" classname="com.xin.bookbackend.controller.BookControllerTest" time="0.165"/>
  <testcase name="findBookByGoogleBookId" classname="com.xin.bookbackend.controller.BookControllerTest" time="2.536"/>
  <testcase name="updateBookById_IdNotFound" classname="com.xin.bookbackend.controller.BookControllerTest" time="0.197"/>
</testsuite>